2024-03-18 13:23:40,909 [INFO] Activator:176 - 


2024-03-18 13:23:40,914 [INFO] Activator:177 - !SESSION log4j initialized
2024-03-18 13:23:49,074 [INFO] LogOutputStream:77 - [STDOUT_REDIRECT] 
2024-03-18 13:23:49,728 [INFO] ApplicationProperties:184 - Using Application install path: /opt/st/stm32cubeide_1.13.1/plugins/com.st.stm32cube.common.mx_6.10.0.202311202037
2024-03-18 13:23:49,742 [INFO] DbMcusXml:78 - Set database path to: /opt/st/stm32cubeide_1.13.1/plugins/com.st.stm32cube.common.mx_6.10.0.202311202037//db//mcu/
2024-03-18 13:23:49,742 [INFO] ApiDb:274 - Set plugin database path to: /opt/st/stm32cubeide_1.13.1/plugins/com.st.stm32cube.common.mx_6.10.0.202311202037//db//plugins/boardmanager/
2024-03-18 13:23:49,742 [WARN] ApiDb:259 - Overriding images path with different value:  => /opt/st/stm32cubeide_1.13.1/plugins/com.st.stm32cube.common.mx_6.10.0.202311202037//db//plugins/mcufinder/images/
2024-03-18 13:23:49,749 [INFO] ApiDb:250 - Set database path to: /home/viktor/.stmcufinder/plugins/mcufinder//mcu/
2024-03-18 13:23:49,750 [INFO] DbMcusAds:125 - Set database path to: /home/viktor/.stmcufinder/plugins/mcufinder//mcu/
2024-03-18 13:23:49,752 [INFO] CrossReferenceDbSqlite:203 - Set database path to: /home/viktor/.stmcufinder/plugins/mcufinder//mcu/cs/
2024-03-18 13:23:49,860 [INFO] RulesReader:64 - Compatibility file has been processed (297 Rules)
2024-03-18 13:23:49,922 [INFO] DbMcusXml:78 - Set database path to: /opt/st/stm32cubeide_1.13.1/plugins/com.st.stm32cube.common.mx_6.10.0.202311202037//db//mcu/
2024-03-18 13:23:49,922 [INFO] ApiDb:274 - Set plugin database path to: /opt/st/stm32cubeide_1.13.1/plugins/com.st.stm32cube.common.mx_6.10.0.202311202037//db//plugins/boardmanager/
2024-03-18 13:23:49,922 [INFO] ApiDb:261 - Set plugin images path to: /opt/st/stm32cubeide_1.13.1/plugins/com.st.stm32cube.common.mx_6.10.0.202311202037//db//plugins/mcufinder/images/
2024-03-18 13:23:49,923 [WARN] DbFile:41 - Overriding database path with different value: /home/viktor/.stmcufinder/plugins/mcufinder/ => /home/viktor/.stmcufinder/plugins/mcufinder
2024-03-18 13:23:49,923 [INFO] ApiDb:250 - Set database path to: /home/viktor/.stmcufinder/plugins/mcufinder//mcu/
2024-03-18 13:23:49,923 [WARN] DbFile:41 - Overriding database path with different value: /home/viktor/.stmcufinder/plugins/mcufinder/ => /home/viktor/.stmcufinder/plugins/mcufinder
2024-03-18 13:23:49,923 [INFO] DbMcusAds:125 - Set database path to: /home/viktor/.stmcufinder/plugins/mcufinder//mcu/
2024-03-18 13:23:49,923 [WARN] DbFile:41 - Overriding database path with different value: /home/viktor/.stmcufinder/plugins/mcufinder/ => /home/viktor/.stmcufinder/plugins/mcufinder
2024-03-18 13:23:49,923 [WARN] DbFile:41 - Overriding database path with different value: /home/viktor/.stmcufinder/plugins/mcufinder/ => /home/viktor/.stmcufinder/plugins/mcufinder
2024-03-18 13:23:49,923 [INFO] CrossReferenceDbSqlite:203 - Set database path to: /home/viktor/.stmcufinder/plugins/mcufinder//mcu/cs/
2024-03-18 13:23:49,995 [INFO] MainPanel:264 - HeapMemory: 268435456
2024-03-18 13:23:50,076 [INFO] DbMcusXml:78 - Set database path to: /opt/st/stm32cubeide_1.13.1/plugins/com.st.stm32cube.common.mx_6.10.0.202311202037//db//mcu/
2024-03-18 13:23:50,076 [INFO] ApiDb:274 - Set plugin database path to: /opt/st/stm32cubeide_1.13.1/plugins/com.st.stm32cube.common.mx_6.10.0.202311202037//db//plugins/boardmanager/
2024-03-18 13:23:50,076 [INFO] ApiDb:261 - Set plugin images path to: /opt/st/stm32cubeide_1.13.1/plugins/com.st.stm32cube.common.mx_6.10.0.202311202037//db//plugins/mcufinder/images/
2024-03-18 13:23:50,076 [WARN] DbFile:41 - Overriding database path with different value: /home/viktor/.stmcufinder/plugins/mcufinder/ => /home/viktor/.stmcufinder/plugins/mcufinder
2024-03-18 13:23:50,076 [INFO] ApiDb:250 - Set database path to: /home/viktor/.stmcufinder/plugins/mcufinder//mcu/
2024-03-18 13:23:50,076 [WARN] DbFile:41 - Overriding database path with different value: /home/viktor/.stmcufinder/plugins/mcufinder/ => /home/viktor/.stmcufinder/plugins/mcufinder
2024-03-18 13:23:50,076 [INFO] DbMcusAds:125 - Set database path to: /home/viktor/.stmcufinder/plugins/mcufinder//mcu/
2024-03-18 13:23:50,076 [WARN] DbFile:41 - Overriding database path with different value: /home/viktor/.stmcufinder/plugins/mcufinder/ => /home/viktor/.stmcufinder/plugins/mcufinder
2024-03-18 13:23:50,076 [WARN] DbFile:41 - Overriding database path with different value: /home/viktor/.stmcufinder/plugins/mcufinder/ => /home/viktor/.stmcufinder/plugins/mcufinder
2024-03-18 13:23:50,077 [INFO] CrossReferenceDbSqlite:203 - Set database path to: /home/viktor/.stmcufinder/plugins/mcufinder//mcu/cs/
2024-03-18 13:23:50,092 [INFO] ApplicationProperties:184 - Using Application install path: /opt/st/stm32cubeide_1.13.1/plugins/com.st.stm32cube.common.mx_6.10.0.202311202037
2024-03-18 13:23:50,093 [INFO] PluginManage:196 - Search for loadable plugins [exclusion list=, ]
2024-03-18 13:23:50,095 [INFO] PluginManage:310 - Check plugin analytics
2024-03-18 13:23:50,212 [INFO] AnalyticsPlugin:253 - Accepted Software Licenses: STM32CubeMX.6.5.0,STM32CubeMX.6.6.0,STM32CubeMX.6.6.1,STM32CubeMX.6.7.0,STM32CubeMX.6.8.1,STM32CubeMX.6.9.0,STM32CubeMX.6.10.0
2024-03-18 13:23:50,212 [INFO] AnalyticsPlugin:255 - Accepted CMSIS Pack Licenses: STMicroelectronics.X-CUBE-ALGOBUILD.1.3.0,STMicroelectronics.X-CUBE-SMBUS.2.1.0,STMicroelectronics.X-CUBE-AZRTOS-G4.2.0.0,portGmbH.I-Cube-SoM-uGOAL.1.1.0
2024-03-18 13:23:50,212 [INFO] AnalyticsPlugin:257 - Accepted Firmware Licenses: FW.F4.1.27.0,FW.G0.1.6.0,FW.F4.1.28.0,FW.G4.1.5.0
2024-03-18 13:23:50,215 [INFO] PluginManage:359 - Loaded plugin analytics (category:tool,tabindex:-1)
2024-03-18 13:23:50,215 [INFO] PluginManage:310 - Check plugin cadmodel
2024-03-18 13:23:50,220 [INFO] CADModel:105 - Init CAD model plugin
2024-03-18 13:23:50,220 [INFO] PluginManage:359 - Loaded plugin cadmodel (category:power,tabindex:5)
2024-03-18 13:23:50,221 [INFO] PluginManage:310 - Check plugin clock
2024-03-18 13:23:50,231 [INFO] PluginManage:359 - Loaded plugin clock (category:base,tabindex:2)
2024-03-18 13:23:50,231 [INFO] PluginManage:310 - Check plugin ddr
2024-03-18 13:23:50,233 [INFO] PluginManage:359 - Loaded plugin ddr (category:tool,tabindex:6)
2024-03-18 13:23:50,234 [INFO] PluginManage:310 - Check plugin filemanager
2024-03-18 13:23:50,342 [INFO] PluginManage:359 - Loaded plugin filemanager (category:base,tabindex:10)
2024-03-18 13:23:50,342 [INFO] PluginManage:310 - Check plugin ipmanager
2024-03-18 13:23:50,346 [INFO] PluginManage:359 - Loaded plugin ipmanager (category:base,tabindex:5)
2024-03-18 13:23:50,346 [INFO] PluginManage:310 - Check plugin lpbam
2024-03-18 13:23:50,355 [INFO] PluginManage:359 - Loaded plugin lpbam (category:base,tabindex:0)
2024-03-18 13:23:50,355 [INFO] PluginManage:310 - Check plugin memorymap
2024-03-18 13:23:50,363 [INFO] PluginManage:359 - Loaded plugin memorymap (category:base,tabindex:4)
2024-03-18 13:23:50,364 [INFO] PluginManage:310 - Check plugin pinoutandconfiguration
2024-03-18 13:23:50,370 [INFO] PluginManage:359 - Loaded plugin pinoutandconfiguration (category:base,tabindex:1)
2024-03-18 13:23:50,370 [INFO] PluginManage:310 - Check plugin pinoutconfig
2024-03-18 13:23:50,430 [WARN] SupportedApi:132 - Cannot load RTOS API schema: s4s-elt-must-match.1: The content of 'definitions' must match (annotation?, (simpleType | complexType)?, (unique | key | keyref)*)). A problem was found starting at: attribute.
2024-03-18 13:23:50,528 [INFO] PluginManage:359 - Loaded plugin pinoutconfig (category:base,tabindex:0)
2024-03-18 13:23:50,528 [INFO] PluginManage:310 - Check plugin power
2024-03-18 13:23:50,537 [INFO] PluginManage:359 - Loaded plugin power (category:power,tabindex:4)
2024-03-18 13:23:50,537 [INFO] PluginManage:310 - Check plugin projectmanager
2024-03-18 13:23:50,548 [INFO] PluginManage:359 - Loaded plugin projectmanager (category:projectmanager,tabindex:3)
2024-03-18 13:23:50,549 [INFO] PluginManage:310 - Check plugin thirdparty
2024-03-18 13:23:50,657 [INFO] PluginManage:359 - Loaded plugin thirdparty (category:base,tabindex:-1)
2024-03-18 13:23:50,657 [INFO] PluginManage:310 - Check plugin tools
2024-03-18 13:23:50,657 [WARN] IntegrityCheckThread:84 - waiting for thirdparty lock release [integrity check]
2024-03-18 13:23:50,658 [INFO] IntegrityCheckThread:86 - entering critical section [integrity check]
2024-03-18 13:23:50,658 [INFO] ThirdPartyUpdaterWithRetryManager:70 - Updater plugin not ready yet. [1/15]
2024-03-18 13:23:50,659 [INFO] PluginManage:359 - Loaded plugin tools (category:base,tabindex:7)
2024-03-18 13:23:50,659 [INFO] PluginManage:310 - Check plugin tutovideos
2024-03-18 13:23:50,796 [INFO] PluginManage:359 - Loaded plugin tutovideos (category:base,tabindex:-1)
2024-03-18 13:23:50,796 [INFO] PluginManage:310 - Check plugin updater
2024-03-18 13:23:50,803 [INFO] PluginManage:359 - Loaded plugin updater (category:base,tabindex:12)
2024-03-18 13:23:50,803 [INFO] PluginManage:310 - Check plugin userauth
2024-03-18 13:23:50,807 [INFO] UserAuth:114 - Init User Auth plugin
2024-03-18 13:23:50,807 [INFO] PluginManage:359 - Loaded plugin userauth (category:base,tabindex:14)
2024-03-18 13:23:50,807 [INFO] PluginManage:283 - PluginManage : Loaded plugins [17]
2024-03-18 13:23:51,003 [INFO] PinOutPanel:1499 - setPackage(No Configuration,No Configuration)
2024-03-18 13:23:51,045 [INFO] CADModel:165 - CPN selected for project level
2024-03-18 13:23:51,046 [INFO] CADModel:114 - Register for checkConnection events
2024-03-18 13:23:51,055 [INFO] IPUIPlugin:80 - create IPUIPlugin
2024-03-18 13:23:51,057 [INFO] PluginManager:220 - loadIPPluginJar : add plateformsettings
2024-03-18 13:23:51,064 [INFO] IPUIPlugin:80 - create IPUIPlugin
2024-03-18 13:23:51,064 [INFO] PluginManager:220 - loadIPPluginJar : add opamp
2024-03-18 13:23:51,066 [INFO] IPUIPlugin:80 - create IPUIPlugin
2024-03-18 13:23:51,066 [INFO] PluginManager:220 - loadIPPluginJar : add spi
2024-03-18 13:23:51,068 [INFO] IPUIPlugin:80 - create IPUIPlugin
2024-03-18 13:23:51,068 [INFO] PluginManager:220 - loadIPPluginJar : add sai
2024-03-18 13:23:51,070 [INFO] IPUIPlugin:80 - create IPUIPlugin
2024-03-18 13:23:51,070 [INFO] PluginManager:220 - loadIPPluginJar : add tsc
2024-03-18 13:23:51,072 [INFO] IPUIPlugin:80 - create IPUIPlugin
2024-03-18 13:23:51,072 [INFO] PluginManager:220 - loadIPPluginJar : add i3c
2024-03-18 13:23:51,076 [INFO] IPUIPlugin:80 - create IPUIPlugin
2024-03-18 13:23:51,076 [INFO] PluginManager:220 - loadIPPluginJar : add freertos
2024-03-18 13:23:51,079 [INFO] IPUIPlugin:80 - create IPUIPlugin
2024-03-18 13:23:51,079 [INFO] PluginManager:220 - loadIPPluginJar : add fmc
2024-03-18 13:23:51,081 [INFO] IPUIPlugin:80 - create IPUIPlugin
2024-03-18 13:23:51,081 [INFO] PluginManager:220 - loadIPPluginJar : add cryp
2024-03-18 13:23:51,084 [INFO] IPUIPlugin:80 - create IPUIPlugin
2024-03-18 13:23:51,084 [INFO] PluginManager:220 - loadIPPluginJar : add touchsensing
2024-03-18 13:23:51,085 [INFO] IPUIPlugin:80 - create IPUIPlugin
2024-03-18 13:23:51,085 [INFO] PluginManager:220 - loadIPPluginJar : add i2c
2024-03-18 13:23:51,089 [INFO] IPUIPlugin:80 - create IPUIPlugin
2024-03-18 13:23:51,089 [INFO] PluginManager:220 - loadIPPluginJar : add gpio
2024-03-18 13:23:51,094 [INFO] IPUIPlugin:80 - create IPUIPlugin
2024-03-18 13:23:51,094 [INFO] PluginManager:220 - loadIPPluginJar : add linkedlist
2024-03-18 13:23:51,096 [INFO] IPUIPlugin:80 - create IPUIPlugin
2024-03-18 13:23:51,096 [INFO] PluginManager:220 - loadIPPluginJar : add ucpd
2024-03-18 13:23:51,101 [INFO] IPUIPlugin:80 - create IPUIPlugin
2024-03-18 13:23:51,101 [INFO] PluginManager:220 - loadIPPluginJar : add dma
2024-03-18 13:23:51,103 [INFO] IPUIPlugin:80 - create IPUIPlugin
2024-03-18 13:23:51,103 [INFO] PluginManager:220 - loadIPPluginJar : add dma3
2024-03-18 13:23:51,105 [INFO] IPUIPlugin:80 - create IPUIPlugin
2024-03-18 13:23:51,105 [INFO] PluginManager:220 - loadIPPluginJar : add lorawan
2024-03-18 13:23:51,106 [INFO] IPUIPlugin:80 - create IPUIPlugin
2024-03-18 13:23:51,106 [INFO] PluginManager:220 - loadIPPluginJar : add fatfs
2024-03-18 13:23:51,109 [INFO] IPUIPlugin:80 - create IPUIPlugin
2024-03-18 13:23:51,109 [INFO] PluginManager:220 - loadIPPluginJar : add ipddr
2024-03-18 13:23:51,110 [INFO] IPUIPlugin:80 - create IPUIPlugin
2024-03-18 13:23:51,110 [INFO] PluginManager:220 - loadIPPluginJar : add genericplugin
2024-03-18 13:23:51,112 [INFO] IPUIPlugin:80 - create IPUIPlugin
2024-03-18 13:23:51,112 [INFO] PluginManager:220 - loadIPPluginJar : add i2s
2024-03-18 13:23:51,114 [INFO] IPUIPlugin:80 - create IPUIPlugin
2024-03-18 13:23:51,114 [INFO] PluginManager:220 - loadIPPluginJar : add usart
2024-03-18 13:23:51,115 [INFO] IPUIPlugin:80 - create IPUIPlugin
2024-03-18 13:23:51,115 [INFO] PluginManager:220 - loadIPPluginJar : add comp
2024-03-18 13:23:51,117 [INFO] IPUIPlugin:80 - create IPUIPlugin
2024-03-18 13:23:51,117 [INFO] PluginManager:220 - loadIPPluginJar : add tracer_emb
2024-03-18 13:23:51,119 [INFO] IPUIPlugin:80 - create IPUIPlugin
2024-03-18 13:23:51,119 [INFO] PluginManager:220 - loadIPPluginJar : add can
2024-03-18 13:23:51,122 [INFO] IPUIPlugin:80 - create IPUIPlugin
2024-03-18 13:23:51,122 [INFO] PluginManager:220 - loadIPPluginJar : add openamp
2024-03-18 13:23:51,126 [INFO] IPUIPlugin:80 - create IPUIPlugin
2024-03-18 13:23:51,126 [INFO] PluginManager:220 - loadIPPluginJar : add gic
2024-03-18 13:23:51,129 [INFO] IPUIPlugin:80 - create IPUIPlugin
2024-03-18 13:23:51,129 [INFO] PluginManager:220 - loadIPPluginJar : add nvic
2024-03-18 13:23:51,133 [INFO] IPUIPlugin:80 - create IPUIPlugin
2024-03-18 13:23:51,133 [INFO] PluginManager:220 - loadIPPluginJar : add adc
2024-03-18 13:23:51,135 [INFO] IPUIPlugin:80 - create IPUIPlugin
2024-03-18 13:23:51,136 [INFO] PluginManager:220 - loadIPPluginJar : add pdm2pcm
2024-03-18 13:23:51,137 [INFO] IPUIPlugin:80 - create IPUIPlugin
2024-03-18 13:23:51,137 [INFO] PluginManager:220 - loadIPPluginJar : add dfsdm
2024-03-18 13:23:51,138 [INFO] IPUIPlugin:80 - create IPUIPlugin
2024-03-18 13:23:51,138 [INFO] PluginManager:220 - loadIPPluginJar : add ltdc
2024-03-18 13:23:51,140 [INFO] IPUIPlugin:80 - create IPUIPlugin
2024-03-18 13:23:51,141 [INFO] PluginManager:220 - loadIPPluginJar : add aes
2024-03-18 13:23:51,142 [INFO] IPUIPlugin:80 - create IPUIPlugin
2024-03-18 13:23:51,142 [INFO] PluginManager:220 - loadIPPluginJar : add hash
2024-03-18 13:23:51,145 [INFO] IPUIPlugin:80 - create IPUIPlugin
2024-03-18 13:23:51,145 [INFO] PluginManager:220 - loadIPPluginJar : add stm32_wpan
2024-03-18 13:23:51,150 [INFO] IPUIPlugin:80 - create IPUIPlugin
2024-03-18 13:23:51,150 [INFO] PluginManager:220 - loadIPPluginJar : add mdma
2024-03-18 13:23:51,152 [INFO] IPUIPlugin:80 - create IPUIPlugin
2024-03-18 13:23:51,152 [INFO] PluginManager:220 - loadIPPluginJar : add tim
2024-03-18 13:23:51,153 [INFO] IPUIPlugin:80 - create IPUIPlugin
2024-03-18 13:23:51,153 [INFO] PluginManager:220 - loadIPPluginJar : add gfxmmu
2024-03-18 13:23:51,155 [INFO] IPUIPlugin:80 - create IPUIPlugin
2024-03-18 13:23:51,155 [INFO] PluginManager:220 - loadIPPluginJar : add gtzc
2024-03-18 13:23:51,157 [INFO] IPUIPlugin:80 - create IPUIPlugin
2024-03-18 13:23:51,157 [INFO] PluginManager:220 - loadIPPluginJar : add quadspi
2024-03-18 13:23:51,158 [INFO] IPUIPlugin:80 - create IPUIPlugin
2024-03-18 13:23:51,158 [INFO] PluginManager:220 - loadIPPluginJar : add ts
2024-03-18 13:23:51,161 [INFO] IPUIPlugin:80 - create IPUIPlugin
2024-03-18 13:23:51,161 [INFO] PluginManager:220 - loadIPPluginJar : add resmgrutility
2024-03-18 13:23:51,164 [INFO] IPUIPlugin:80 - create IPUIPlugin
2024-03-18 13:23:51,164 [INFO] PluginManager:220 - loadIPPluginJar : add usbx
2024-03-18 13:23:51,262 [INFO] CADModel:165 - CPN selected for project level
2024-03-18 13:23:51,262 [INFO] CADModel:114 - Register for checkConnection events
2024-03-18 13:23:51,262 [FATAL] Updater:308 - Updater called before beeing initialized
2024-03-18 13:23:51,262 [ERROR] CADModel:125 - Updater not yet initialized, retry later 
2024-03-18 13:23:51,347 [INFO] CADModel:165 - CPN selected for project level
2024-03-18 13:23:51,348 [INFO] CADModel:114 - Register for checkConnection events
2024-03-18 13:23:51,348 [FATAL] Updater:308 - Updater called before beeing initialized
2024-03-18 13:23:51,348 [ERROR] CADModel:125 - Updater not yet initialized, retry later 
2024-03-18 13:23:51,350 [FATAL] Updater:308 - Updater called before beeing initialized
2024-03-18 13:23:51,406 [FATAL] Updater:308 - Updater called before beeing initialized
2024-03-18 13:23:51,409 [INFO] DbMcusAds:53 - JSON generation date=Wed Nov 29 13:52:27 EAT 2023 (1701255147349)
2024-03-18 13:23:51,409 [FATAL] Updater:308 - Updater called before beeing initialized
2024-03-18 13:23:51,440 [WARN] DetailPanel:346 - Failed to get advertising image, set to default
2024-03-18 13:23:51,526 [FATAL] Updater:308 - Updater called before beeing initialized
2024-03-18 13:23:51,528 [FATAL] Updater:308 - Updater called before beeing initialized
2024-03-18 13:23:51,528 [FATAL] Updater:308 - Updater called before beeing initialized
2024-03-18 13:23:51,528 [WARN] DetailPanel:346 - Failed to get advertising image, set to default
2024-03-18 13:23:51,528 [FATAL] Updater:308 - Updater called before beeing initialized
2024-03-18 13:23:51,552 [ERROR] Updater:1120 - MainUpdater not yet initialized. External WinMGr cannot be set.
2024-03-18 13:23:51,554 [INFO] Updater:1056 - Updater Version found : 6.10.0
2024-03-18 13:23:51,565 [INFO] ApplicationProperties:184 - Using Application install path: /opt/st/stm32cubeide_1.13.1/plugins/com.st.stm32cube.common.mx_6.10.0.202311202037
2024-03-18 13:23:52,128 [INFO] MainUpdater:2873 - connection check result : 10
2024-03-18 13:23:52,129 [INFO] MainUpdater:290 - Updater Check For Update Now.
2024-03-18 13:23:52,129 [INFO] MicroXplorer:498 - Change Database Version : DB.6.0.100
2024-03-18 13:23:52,132 [INFO] McuFinderGlobals:63 - Set McuFinder mode to 2 (CubeIDE integrated)
2024-03-18 13:23:52,289 [INFO] CheckServerUpdateThread:120 - End of CheckServer Thread
2024-03-18 13:23:53,209 [INFO] UserAuth:404 - Internet connection configuration mode: 1
2024-03-18 13:23:53,218 [INFO] JxBrowserEngine:152 - Initiate JxBrowser Engine with user profile folder
2024-03-18 13:23:53,786 [WARN] PackLoader:240 - Cannot read IP mode file for STMicroelectronics.X-CUBE-SMBUS.2.1.0
2024-03-18 13:23:53,839 [WARN] PackLoader:240 - Cannot read IP mode file for STMicroelectronics.X-CUBE-TOUCHGFX.4.23.0
2024-03-18 13:23:53,877 [WARN] PackLoader:240 - Cannot read IP mode file for STMicroelectronics.X-CUBE-AZRTOS-F7.1.1.0
2024-03-18 13:23:53,890 [ERROR] RealEvaluatedCondition:428 - Found unsupported composite condition: CLASS='Data Exchange' GROUP='STM32_MetaDataManager'
2024-03-18 13:23:53,890 [ERROR] RealEvaluatedCondition:428 - Found unsupported composite condition: CLASS='Data Exchange' GROUP='STM32_MetaDataManager'
2024-03-18 13:23:53,892 [WARN] PackLoader:240 - Cannot read IP mode file for STMicroelectronics.FP-SNS-MOTENV1.4.3.0
2024-03-18 13:23:53,915 [WARN] PackLoader:240 - Cannot read IP mode file for STMicroelectronics.FP-SNS-MOTENV1.4.3.2
2024-03-18 13:23:53,921 [WARN] PackLoader:240 - Cannot read IP mode file for STMicroelectronics.FP-SNS-FLIGHT1.5.0.0
2024-03-18 13:23:53,926 [ERROR] RealEvaluatedCondition:428 - Found unsupported composite condition: CLASS='Data Exchange' GROUP='STM32_MetaDataManager'
2024-03-18 13:23:53,926 [ERROR] RealEvaluatedCondition:428 - Found unsupported composite condition: GROUP='STM32_MetaDataManager' CLASS='Data Exchange'
2024-03-18 13:23:53,928 [WARN] PackLoader:240 - Cannot read IP mode file for STMicroelectronics.FP-SNS-MOTENV1.4.3.1
2024-03-18 13:23:53,934 [WARN] PackLoader:240 - Cannot read IP mode file for STMicroelectronics.FP-SNS-FLIGHT1.5.0.1
2024-03-18 13:23:53,940 [WARN] PackLoader:240 - Cannot read IP mode file for STMicroelectronics.X-CUBE-BLE1.6.2.4
2024-03-18 13:23:53,955 [WARN] PackLoader:240 - Cannot read IP mode file for STMicroelectronics.FP-SNS-FLIGHT1.5.0.2
2024-03-18 13:23:53,965 [WARN] PackLoader:240 - Cannot read IP mode file for STMicroelectronics.X-CUBE-DISPLAY.3.0.0
2024-03-18 13:23:53,978 [WARN] PackLoader:240 - Cannot read IP mode file for STMicroelectronics.X-CUBE-BLE1.7.0.0
2024-03-18 13:23:53,981 [WARN] PackLoader:240 - Cannot read IP mode file for STMicroelectronics.X-CUBE-TOUCHGFX.4.22.0
2024-03-18 13:23:53,983 [WARN] PackLoader:240 - Cannot read IP mode file for STMicroelectronics.X-CUBE-TOUCHGFX.4.22.1
2024-03-18 13:23:53,993 [WARN] PackLoader:240 - Cannot read IP mode file for STMicroelectronics.X-CUBE-BLEMGR.3.1.0
2024-03-18 13:23:53,998 [WARN] PackLoader:240 - Cannot read IP mode file for STMicroelectronics.FP-SNS-SMARTAG2.1.2.0
2024-03-18 13:23:54,006 [INFO] LogOutputStream:77 - [STDOUT_REDIRECT] 1 : Invalid condition id : UX_CORESTACK_Condition cause : null
2024-03-18 13:23:54,006 [INFO] LogOutputStream:77 - [STDOUT_REDIRECT] 1 : Invalid condition id : UX_CORESTACK_Condition cause : null
2024-03-18 13:23:54,006 [INFO] LogOutputStream:77 - [STDOUT_REDIRECT] 1 : Invalid condition id : UX_CORESTACK_Condition cause : null
2024-03-18 13:23:54,006 [INFO] LogOutputStream:77 - [STDOUT_REDIRECT] 1 : Invalid condition id : UX_CORESTACK_Condition cause : null
2024-03-18 13:23:54,007 [INFO] LogOutputStream:77 - [STDOUT_REDIRECT] 1 : Invalid condition id : UX_CORESTACK_Condition cause : null
2024-03-18 13:23:54,010 [WARN] PackLoader:240 - Cannot read IP mode file for STMicroelectronics.X-CUBE-AZRTOS-WL.2.0.0
2024-03-18 13:23:54,016 [WARN] PackLoader:240 - Cannot read IP mode file for WES.I-CUBE-Cesium.1.3.0
2024-03-18 13:23:54,018 [INFO] WebApp:161 - Instantiating new browser for Auth
2024-03-18 13:23:54,019 [WARN] PackLoader:240 - Cannot read IP mode file for STMicroelectronics.X-CUBE-BLE2.3.3.0
2024-03-18 13:23:54,021 [WARN] PackLoader:240 - Cannot read IP mode file for STMicroelectronics.X-CUBE-TOUCHGFX.4.21.3
2024-03-18 13:23:54,023 [WARN] PackLoader:240 - Cannot read IP mode file for STMicroelectronics.X-CUBE-TOUCHGFX.4.21.4
2024-03-18 13:23:54,030 [WARN] PackLoader:240 - Cannot read IP mode file for STMicroelectronics.X-CUBE-ALGOBUILD.1.3.0
2024-03-18 13:23:54,072 [WARN] PackLoader:240 - Cannot read IP mode file for STMicroelectronics.X-CUBE-AZRTOS-G0.1.1.0
2024-03-18 13:23:54,078 [WARN] PackLoader:240 - Cannot read IP mode file for STMicroelectronics.X-CUBE-NFC4.3.0.0
2024-03-18 13:23:54,087 [WARN] PackLoader:240 - Cannot read IP mode file for STMicroelectronics.X-CUBE-BLEMGR.3.0.0
2024-03-18 13:23:54,092 [WARN] PackLoader:240 - Cannot read IP mode file for STMicroelectronics.FP-ATR-SIGFOX1.3.2.0
2024-03-18 13:23:54,097 [WARN] PackLoader:240 - Cannot read IP mode file for STMicroelectronics.X-CUBE-EEPRMA1.5.1.0
2024-03-18 13:23:54,138 [WARN] PackLoader:240 - Cannot read IP mode file for STMicroelectronics.X-CUBE-MEMS1.9.5.0
2024-03-18 13:23:54,273 [WARN] PackLoader:240 - Cannot read IP mode file for SEGGER.I-CUBE-embOS.1.3.1
2024-03-18 13:23:54,300 [WARN] PackLoader:240 - Cannot read IP mode file for STMicroelectronics.X-CUBE-GNSS1.6.0.0
2024-03-18 13:23:54,313 [WARN] PackLoader:240 - Cannot read IP mode file for STMicroelectronics.X-CUBE-AZRTOS-F4.1.1.0
2024-03-18 13:23:54,319 [WARN] PackLoader:240 - Cannot read IP mode file for wolfSSL.I-CUBE-wolfSSL.5.6.0
2024-03-18 13:23:54,331 [WARN] PackLoader:240 - Cannot read IP mode file for STMicroelectronics.X-CUBE-AZRTOS-L5.2.0.0
2024-03-18 13:23:54,365 [WARN] PackLoader:240 - Cannot read IP mode file for STMicroelectronics.X-CUBE-MEMS1.9.6.0
2024-03-18 13:23:54,464 [WARN] PackLoader:240 - Cannot read IP mode file for STMicroelectronics.X-CUBE-EEPRMA1.4.2.0
2024-03-18 13:23:54,467 [WARN] PackLoader:240 - Cannot read IP mode file for ITTIA_DB.I-CUBE-ITTIADB.8.8.0
2024-03-18 13:23:54,471 [WARN] PackLoader:240 - Cannot read IP mode file for emotas.I-CUBE-CANOPEN.1.1.3
2024-03-18 13:23:54,475 [WARN] PackLoader:240 - Cannot read IP mode file for STMicroelectronics.X-CUBE-BLEMGR.2.0.0
2024-03-18 13:23:54,488 [WARN] ConditionMgr:438 - getConditionDescription Invalid condition id : UX DEVICE CLASS RTOS Condition cause : null
2024-03-18 13:23:54,488 [WARN] ConditionMgr:438 - getConditionDescription Invalid condition id : UX DEVICE CLASS RTOS Condition cause : null
2024-03-18 13:23:54,490 [WARN] PackLoader:240 - Cannot read IP mode file for STMicroelectronics.X-CUBE-AZRTOS-H7.3.1.0
2024-03-18 13:23:54,491 [WARN] ConditionMgr:1039 - genDependencies : Invalid condition id : UX DEVICE CLASS RTOS Condition cause : null
2024-03-18 13:23:54,491 [WARN] ConditionMgr:1039 - genDependencies : Invalid condition id : UX DEVICE CLASS RTOS Condition cause : null
2024-03-18 13:23:54,491 [WARN] ConditionMgr:1039 - genDependencies : Invalid condition id : UX DEVICE CLASS RTOS Condition cause : null
2024-03-18 13:23:54,492 [WARN] ConditionMgr:1039 - genDependencies : Invalid condition id : UX DEVICE CLASS RTOS Condition cause : null
2024-03-18 13:23:54,492 [WARN] ConditionMgr:1039 - genDependencies : Invalid condition id : UX DEVICE CLASS RTOS Condition cause : null
2024-03-18 13:23:54,495 [WARN] PackLoader:240 - Cannot read IP mode file for STMicroelectronics.X-CUBE-NFC7.1.0.1
2024-03-18 13:23:54,503 [WARN] PackLoader:240 - Cannot read IP mode file for STMicroelectronics.X-CUBE-NFC7.1.0.0
2024-03-18 13:23:54,518 [WARN] PackLoader:240 - Cannot read IP mode file for STMicroelectronics.X-CUBE-NFC6.3.0.0
2024-03-18 13:23:54,525 [WARN] PackLoader:240 - Cannot read IP mode file for STMicroelectronics.X-CUBE-EEPRMA1.4.1.0
2024-03-18 13:23:54,529 [WARN] PackLoader:240 - Cannot read IP mode file for STMicroelectronics.X-CUBE-AI.8.1.0
2024-03-18 13:23:54,540 [INFO] WebApp:780 - Register for checkConnection events
2024-03-18 13:23:54,540 [INFO] WebApp:414 - Apply proxy settings
2024-03-18 13:23:54,540 [INFO] WebApp:499 - Chromium requires no authentication
2024-03-18 13:23:54,546 [INFO] WebApp:442 - Direct internet connection detected
2024-03-18 13:23:54,549 [WARN] ConditionMgr:438 - getConditionDescription Invalid condition id : LAN8742 Phy interface Condition cause : null
2024-03-18 13:23:54,550 [WARN] PackLoader:240 - Cannot read IP mode file for STMicroelectronics.X-CUBE-AZRTOS-L4.2.0.0
2024-03-18 13:23:54,551 [WARN] ConditionMgr:1039 - genDependencies : Invalid condition id : LAN8742 Phy interface Condition cause : null
2024-03-18 13:23:54,551 [WARN] ConditionMgr:1039 - genDependencies : Invalid condition id : LAN8742 Phy interface Condition cause : null
2024-03-18 13:23:54,551 [WARN] ConditionMgr:1039 - genDependencies : Invalid condition id : LAN8742 Phy interface Condition cause : null
2024-03-18 13:23:54,556 [WARN] PackLoader:240 - Cannot read IP mode file for STMicroelectronics.X-CUBE-SFXS2LP1.4.0.0
2024-03-18 13:23:54,559 [WARN] PackLoader:240 - Cannot read IP mode file for STMicroelectronics.X-CUBE-ISPU.1.1.0
2024-03-18 13:23:54,561 [WARN] PackLoader:240 - Cannot read IP mode file for STMicroelectronics.X-CUBE-AI.8.0.0
2024-03-18 13:23:54,572 [WARN] ConditionMgr:438 - getConditionDescription Invalid condition id : UX DEVICE CLASS RTOS Condition cause : null
2024-03-18 13:23:54,572 [WARN] ConditionMgr:438 - getConditionDescription Invalid condition id : UX DEVICE CLASS RTOS Condition cause : null
2024-03-18 13:23:54,574 [WARN] PackLoader:240 - Cannot read IP mode file for STMicroelectronics.X-CUBE-AZRTOS-WB.2.0.0
2024-03-18 13:23:54,574 [WARN] ConditionMgr:1039 - genDependencies : Invalid condition id : UX DEVICE CLASS RTOS Condition cause : null
2024-03-18 13:23:54,574 [WARN] ConditionMgr:1039 - genDependencies : Invalid condition id : UX DEVICE CLASS RTOS Condition cause : null
2024-03-18 13:23:54,574 [WARN] ConditionMgr:1039 - genDependencies : Invalid condition id : UX DEVICE CLASS RTOS Condition cause : null
2024-03-18 13:23:54,575 [WARN] ConditionMgr:1039 - genDependencies : Invalid condition id : UX DEVICE CLASS RTOS Condition cause : null
2024-03-18 13:23:54,575 [WARN] ConditionMgr:1039 - genDependencies : Invalid condition id : UX DEVICE CLASS RTOS Condition cause : null
2024-03-18 13:23:54,578 [WARN] PackLoader:240 - Cannot read IP mode file for STMicroelectronics.X-CUBE-FREERTOS.1.0.1
2024-03-18 13:23:54,590 [WARN] PackLoader:240 - Cannot read IP mode file for STMicroelectronics.X-CUBE-AZRTOS-L5.1.1.0
2024-03-18 13:23:54,594 [WARN] PackLoader:240 - Cannot read IP mode file for STMicroelectronics.X-CUBE-AI.8.0.1
2024-03-18 13:23:54,600 [WARN] PackLoader:240 - Cannot read IP mode file for STMicroelectronics.X-CUBE-SUBG2.5.0.0
2024-03-18 13:23:54,611 [WARN] PackLoader:240 - Cannot read IP mode file for STMicroelectronics.X-CUBE-TOF1.3.3.1
2024-03-18 13:23:54,628 [WARN] PackLoader:240 - Cannot read IP mode file for STMicroelectronics.X-CUBE-AZRTOS-G4.2.0.0
2024-03-18 13:23:54,644 [INFO] WebApp:192 - Starting web application
2024-03-18 13:23:54,644 [INFO] WebApp:544 - Web application path used /opt/st/stm32cubeide_1.13.1/plugins/com.st.stm32cube.common.mx_6.10.0.202311202037/db/plugins/mcufinder/reactClient1/index.html
2024-03-18 13:23:54,736 [WARN] PackLoader:240 - Cannot read IP mode file for STMicroelectronics.X-CUBE-TOF1.3.3.0
2024-03-18 13:23:54,758 [WARN] PackLoader:240 - Cannot read IP mode file for Infineon.AIROC-Wi-Fi-Bluetooth-STM32.1.5.1
2024-03-18 13:23:54,764 [WARN] PackLoader:240 - Cannot read IP mode file for STMicroelectronics.FP-SNS-MOTENVWB1.1.3.1
2024-03-18 13:23:54,774 [WARN] PackLoader:240 - Cannot read IP mode file for STMicroelectronics.X-CUBE-AZRTOS-G4.1.0.0
2024-03-18 13:23:54,788 [WARN] PackLoader:240 - Cannot read IP mode file for STMicroelectronics.X-CUBE-AZRTOS-L4.1.0.0
2024-03-18 13:23:54,792 [WARN] PackLoader:240 - Cannot read IP mode file for STMicroelectronics.X-CUBE-ISPU.2.0.0
2024-03-18 13:23:54,821 [WARN] PackLoader:240 - Cannot read IP mode file for STMicroelectronics.X-CUBE-MEMS1.10.0.0
2024-03-18 13:23:54,911 [WARN] PackLoader:240 - Cannot read IP mode file for STMicroelectronics.X-CUBE-FREERTOS.1.1.0
2024-03-18 13:23:54,913 [ERROR] LogOutputStream:75 - [STDERR_REDIRECT] Mar 18, 2024 1:23:54 PM org.glassfish.grizzly.http.server.NetworkListener start
2024-03-18 13:23:54,914 [ERROR] LogOutputStream:75 - [STDERR_REDIRECT] INFO: Started listener bound to [localhost:1597]
2024-03-18 13:23:54,914 [ERROR] LogOutputStream:75 - [STDERR_REDIRECT] 
2024-03-18 13:23:54,914 [ERROR] LogOutputStream:75 - [STDERR_REDIRECT] Mar 18, 2024 1:23:54 PM org.glassfish.grizzly.http.server.HttpServer start
2024-03-18 13:23:54,914 [ERROR] LogOutputStream:75 - [STDERR_REDIRECT] INFO: [HttpServer] Started.
2024-03-18 13:23:54,914 [ERROR] LogOutputStream:75 - [STDERR_REDIRECT] 
2024-03-18 13:23:54,918 [WARN] PackLoader:240 - Cannot read IP mode file for STMicroelectronics.X-CUBE-AZRTOS-WL.1.0.0
2024-03-18 13:23:54,922 [WARN] PackLoader:240 - Cannot read IP mode file for portGmbH.I-Cube-SoM-uGOAL.1.1.0
2024-03-18 13:23:54,942 [WARN] PackLoader:240 - Cannot read IP mode file for STMicroelectronics.X-CUBE-ALS.1.0.1
2024-03-18 13:23:54,950 [WARN] PackLoader:240 - Cannot read IP mode file for STMicroelectronics.X-CUBE-AZRTOS-WB.1.1.0
2024-03-18 13:23:54,953 [WARN] PackLoader:240 - Cannot read IP mode file for STMicroelectronics.FP-ATR-ASTRA1.2.0.0
2024-03-18 13:23:54,959 [WARN] PackLoader:240 - Cannot read IP mode file for STMicroelectronics.X-CUBE-TOF1.3.4.0
2024-03-18 13:23:54,972 [WARN] PackLoader:240 - Cannot read IP mode file for STMicroelectronics.X-CUBE-TOF1.3.4.1
2024-03-18 13:23:54,991 [WARN] PackLoader:240 - Cannot read IP mode file for STMicroelectronics.X-CUBE-AZRTOS-H7.3.2.0
2024-03-18 13:23:54,994 [INFO] ThirdParty:978 - Integrity check success = true
2024-03-18 13:23:54,994 [INFO] IntegrityCheckThread:100 - exiting critical section [integrity check]
2024-03-18 13:23:54,994 [INFO] IntegrityCheckThread:103 - End integrity checks thread
2024-03-18 13:33:13,388 [ERROR] LogOutputStream:75 - [STDERR_REDIRECT] 
