2024-03-16 10:59:51,715 [INFO] Activator:176 - 


2024-03-16 10:59:51,718 [INFO] Activator:177 - !SESSION log4j initialized
2024-03-16 10:59:54,794 [INFO] LogOutputStream:77 - [STDOUT_REDIRECT] 
2024-03-16 10:59:55,161 [INFO] ApplicationProperties:184 - Using Application install path: /opt/st/stm32cubeide_1.13.1/plugins/com.st.stm32cube.common.mx_6.10.0.202311202037
2024-03-16 10:59:55,177 [INFO] DbMcusXml:78 - Set database path to: /opt/st/stm32cubeide_1.13.1/plugins/com.st.stm32cube.common.mx_6.10.0.202311202037//db//mcu/
2024-03-16 10:59:55,178 [INFO] ApiDb:274 - Set plugin database path to: /opt/st/stm32cubeide_1.13.1/plugins/com.st.stm32cube.common.mx_6.10.0.202311202037//db//plugins/boardmanager/
2024-03-16 10:59:55,178 [WARN] ApiDb:259 - Overriding images path with different value:  => /opt/st/stm32cubeide_1.13.1/plugins/com.st.stm32cube.common.mx_6.10.0.202311202037//db//plugins/mcufinder/images/
2024-03-16 10:59:55,182 [INFO] ApiDb:250 - Set database path to: /home/viktor/.stmcufinder/plugins/mcufinder//mcu/
2024-03-16 10:59:55,183 [INFO] DbMcusAds:125 - Set database path to: /home/viktor/.stmcufinder/plugins/mcufinder//mcu/
2024-03-16 10:59:55,185 [INFO] CrossReferenceDbSqlite:203 - Set database path to: /home/viktor/.stmcufinder/plugins/mcufinder//mcu/cs/
2024-03-16 10:59:55,291 [INFO] RulesReader:64 - Compatibility file has been processed (297 Rules)
2024-03-16 10:59:55,344 [INFO] DbMcusXml:78 - Set database path to: /opt/st/stm32cubeide_1.13.1/plugins/com.st.stm32cube.common.mx_6.10.0.202311202037//db//mcu/
2024-03-16 10:59:55,344 [INFO] ApiDb:274 - Set plugin database path to: /opt/st/stm32cubeide_1.13.1/plugins/com.st.stm32cube.common.mx_6.10.0.202311202037//db//plugins/boardmanager/
2024-03-16 10:59:55,344 [INFO] ApiDb:261 - Set plugin images path to: /opt/st/stm32cubeide_1.13.1/plugins/com.st.stm32cube.common.mx_6.10.0.202311202037//db//plugins/mcufinder/images/
2024-03-16 10:59:55,344 [WARN] DbFile:41 - Overriding database path with different value: /home/viktor/.stmcufinder/plugins/mcufinder/ => /home/viktor/.stmcufinder/plugins/mcufinder
2024-03-16 10:59:55,344 [INFO] ApiDb:250 - Set database path to: /home/viktor/.stmcufinder/plugins/mcufinder//mcu/
2024-03-16 10:59:55,344 [WARN] DbFile:41 - Overriding database path with different value: /home/viktor/.stmcufinder/plugins/mcufinder/ => /home/viktor/.stmcufinder/plugins/mcufinder
2024-03-16 10:59:55,345 [INFO] DbMcusAds:125 - Set database path to: /home/viktor/.stmcufinder/plugins/mcufinder//mcu/
2024-03-16 10:59:55,345 [WARN] DbFile:41 - Overriding database path with different value: /home/viktor/.stmcufinder/plugins/mcufinder/ => /home/viktor/.stmcufinder/plugins/mcufinder
2024-03-16 10:59:55,345 [WARN] DbFile:41 - Overriding database path with different value: /home/viktor/.stmcufinder/plugins/mcufinder/ => /home/viktor/.stmcufinder/plugins/mcufinder
2024-03-16 10:59:55,345 [INFO] CrossReferenceDbSqlite:203 - Set database path to: /home/viktor/.stmcufinder/plugins/mcufinder//mcu/cs/
2024-03-16 10:59:55,390 [INFO] MainPanel:264 - HeapMemory: 268435456
2024-03-16 10:59:55,455 [INFO] DbMcusXml:78 - Set database path to: /opt/st/stm32cubeide_1.13.1/plugins/com.st.stm32cube.common.mx_6.10.0.202311202037//db//mcu/
2024-03-16 10:59:55,455 [INFO] ApiDb:274 - Set plugin database path to: /opt/st/stm32cubeide_1.13.1/plugins/com.st.stm32cube.common.mx_6.10.0.202311202037//db//plugins/boardmanager/
2024-03-16 10:59:55,455 [INFO] ApiDb:261 - Set plugin images path to: /opt/st/stm32cubeide_1.13.1/plugins/com.st.stm32cube.common.mx_6.10.0.202311202037//db//plugins/mcufinder/images/
2024-03-16 10:59:55,456 [WARN] DbFile:41 - Overriding database path with different value: /home/viktor/.stmcufinder/plugins/mcufinder/ => /home/viktor/.stmcufinder/plugins/mcufinder
2024-03-16 10:59:55,456 [INFO] ApiDb:250 - Set database path to: /home/viktor/.stmcufinder/plugins/mcufinder//mcu/
2024-03-16 10:59:55,456 [WARN] DbFile:41 - Overriding database path with different value: /home/viktor/.stmcufinder/plugins/mcufinder/ => /home/viktor/.stmcufinder/plugins/mcufinder
2024-03-16 10:59:55,456 [INFO] DbMcusAds:125 - Set database path to: /home/viktor/.stmcufinder/plugins/mcufinder//mcu/
2024-03-16 10:59:55,456 [WARN] DbFile:41 - Overriding database path with different value: /home/viktor/.stmcufinder/plugins/mcufinder/ => /home/viktor/.stmcufinder/plugins/mcufinder
2024-03-16 10:59:55,456 [WARN] DbFile:41 - Overriding database path with different value: /home/viktor/.stmcufinder/plugins/mcufinder/ => /home/viktor/.stmcufinder/plugins/mcufinder
2024-03-16 10:59:55,456 [INFO] CrossReferenceDbSqlite:203 - Set database path to: /home/viktor/.stmcufinder/plugins/mcufinder//mcu/cs/
2024-03-16 10:59:55,469 [INFO] ApplicationProperties:184 - Using Application install path: /opt/st/stm32cubeide_1.13.1/plugins/com.st.stm32cube.common.mx_6.10.0.202311202037
2024-03-16 10:59:55,470 [INFO] PluginManage:196 - Search for loadable plugins [exclusion list=, ]
2024-03-16 10:59:55,471 [INFO] PluginManage:310 - Check plugin analytics
2024-03-16 10:59:55,585 [INFO] AnalyticsPlugin:253 - Accepted Software Licenses: STM32CubeMX.6.5.0,STM32CubeMX.6.6.0,STM32CubeMX.6.6.1,STM32CubeMX.6.7.0,STM32CubeMX.6.8.1,STM32CubeMX.6.9.0,STM32CubeMX.6.10.0
2024-03-16 10:59:55,585 [INFO] AnalyticsPlugin:255 - Accepted CMSIS Pack Licenses: STMicroelectronics.X-CUBE-ALGOBUILD.1.3.0,STMicroelectronics.X-CUBE-SMBUS.2.1.0,STMicroelectronics.X-CUBE-AZRTOS-G4.2.0.0,portGmbH.I-Cube-SoM-uGOAL.1.1.0
2024-03-16 10:59:55,585 [INFO] AnalyticsPlugin:257 - Accepted Firmware Licenses: FW.F4.1.27.0,FW.G0.1.6.0,FW.F4.1.28.0,FW.G4.1.5.0
2024-03-16 10:59:55,587 [INFO] PluginManage:359 - Loaded plugin analytics (category:tool,tabindex:-1)
2024-03-16 10:59:55,587 [INFO] PluginManage:310 - Check plugin cadmodel
2024-03-16 10:59:55,589 [INFO] CADModel:105 - Init CAD model plugin
2024-03-16 10:59:55,589 [INFO] PluginManage:359 - Loaded plugin cadmodel (category:power,tabindex:5)
2024-03-16 10:59:55,590 [INFO] PluginManage:310 - Check plugin clock
2024-03-16 10:59:55,596 [INFO] PluginManage:359 - Loaded plugin clock (category:base,tabindex:2)
2024-03-16 10:59:55,596 [INFO] PluginManage:310 - Check plugin ddr
2024-03-16 10:59:55,598 [INFO] PluginManage:359 - Loaded plugin ddr (category:tool,tabindex:6)
2024-03-16 10:59:55,598 [INFO] PluginManage:310 - Check plugin filemanager
2024-03-16 10:59:55,706 [INFO] PluginManage:359 - Loaded plugin filemanager (category:base,tabindex:10)
2024-03-16 10:59:55,707 [INFO] PluginManage:310 - Check plugin ipmanager
2024-03-16 10:59:55,711 [INFO] PluginManage:359 - Loaded plugin ipmanager (category:base,tabindex:5)
2024-03-16 10:59:55,711 [INFO] PluginManage:310 - Check plugin lpbam
2024-03-16 10:59:55,717 [INFO] PluginManage:359 - Loaded plugin lpbam (category:base,tabindex:0)
2024-03-16 10:59:55,717 [INFO] PluginManage:310 - Check plugin memorymap
2024-03-16 10:59:55,726 [INFO] PluginManage:359 - Loaded plugin memorymap (category:base,tabindex:4)
2024-03-16 10:59:55,726 [INFO] PluginManage:310 - Check plugin pinoutandconfiguration
2024-03-16 10:59:55,731 [INFO] PluginManage:359 - Loaded plugin pinoutandconfiguration (category:base,tabindex:1)
2024-03-16 10:59:55,731 [INFO] PluginManage:310 - Check plugin pinoutconfig
2024-03-16 10:59:55,790 [WARN] SupportedApi:132 - Cannot load RTOS API schema: s4s-elt-must-match.1: The content of 'definitions' must match (annotation?, (simpleType | complexType)?, (unique | key | keyref)*)). A problem was found starting at: attribute.
2024-03-16 10:59:55,900 [INFO] PluginManage:359 - Loaded plugin pinoutconfig (category:base,tabindex:0)
2024-03-16 10:59:55,900 [INFO] PluginManage:310 - Check plugin power
2024-03-16 10:59:55,907 [INFO] PluginManage:359 - Loaded plugin power (category:power,tabindex:4)
2024-03-16 10:59:55,907 [INFO] PluginManage:310 - Check plugin projectmanager
2024-03-16 10:59:55,918 [INFO] PluginManage:359 - Loaded plugin projectmanager (category:projectmanager,tabindex:3)
2024-03-16 10:59:55,918 [INFO] PluginManage:310 - Check plugin thirdparty
2024-03-16 10:59:56,014 [INFO] PluginManage:359 - Loaded plugin thirdparty (category:base,tabindex:-1)
2024-03-16 10:59:56,014 [WARN] IntegrityCheckThread:84 - waiting for thirdparty lock release [integrity check]
2024-03-16 10:59:56,014 [INFO] PluginManage:310 - Check plugin tools
2024-03-16 10:59:56,014 [INFO] IntegrityCheckThread:86 - entering critical section [integrity check]
2024-03-16 10:59:56,015 [INFO] ThirdPartyUpdaterWithRetryManager:70 - Updater plugin not ready yet. [1/15]
2024-03-16 10:59:56,016 [INFO] PluginManage:359 - Loaded plugin tools (category:base,tabindex:7)
2024-03-16 10:59:56,017 [INFO] PluginManage:310 - Check plugin tutovideos
2024-03-16 10:59:56,193 [INFO] PluginManage:359 - Loaded plugin tutovideos (category:base,tabindex:-1)
2024-03-16 10:59:56,193 [INFO] PluginManage:310 - Check plugin updater
2024-03-16 10:59:56,201 [INFO] PluginManage:359 - Loaded plugin updater (category:base,tabindex:12)
2024-03-16 10:59:56,201 [INFO] PluginManage:310 - Check plugin userauth
2024-03-16 10:59:56,206 [INFO] UserAuth:114 - Init User Auth plugin
2024-03-16 10:59:56,207 [INFO] PluginManage:359 - Loaded plugin userauth (category:base,tabindex:14)
2024-03-16 10:59:56,207 [INFO] PluginManage:283 - PluginManage : Loaded plugins [17]
2024-03-16 10:59:56,352 [INFO] PinOutPanel:1499 - setPackage(No Configuration,No Configuration)
2024-03-16 10:59:56,398 [INFO] CADModel:165 - CPN selected for project level
2024-03-16 10:59:56,398 [INFO] CADModel:114 - Register for checkConnection events
2024-03-16 10:59:56,406 [INFO] IPUIPlugin:80 - create IPUIPlugin
2024-03-16 10:59:56,408 [INFO] PluginManager:220 - loadIPPluginJar : add plateformsettings
2024-03-16 10:59:56,414 [INFO] IPUIPlugin:80 - create IPUIPlugin
2024-03-16 10:59:56,414 [INFO] PluginManager:220 - loadIPPluginJar : add opamp
2024-03-16 10:59:56,415 [INFO] IPUIPlugin:80 - create IPUIPlugin
2024-03-16 10:59:56,415 [INFO] PluginManager:220 - loadIPPluginJar : add spi
2024-03-16 10:59:56,417 [INFO] IPUIPlugin:80 - create IPUIPlugin
2024-03-16 10:59:56,417 [INFO] PluginManager:220 - loadIPPluginJar : add sai
2024-03-16 10:59:56,418 [INFO] IPUIPlugin:80 - create IPUIPlugin
2024-03-16 10:59:56,418 [INFO] PluginManager:220 - loadIPPluginJar : add tsc
2024-03-16 10:59:56,420 [INFO] IPUIPlugin:80 - create IPUIPlugin
2024-03-16 10:59:56,420 [INFO] PluginManager:220 - loadIPPluginJar : add i3c
2024-03-16 10:59:56,423 [INFO] IPUIPlugin:80 - create IPUIPlugin
2024-03-16 10:59:56,423 [INFO] PluginManager:220 - loadIPPluginJar : add freertos
2024-03-16 10:59:56,426 [INFO] IPUIPlugin:80 - create IPUIPlugin
2024-03-16 10:59:56,426 [INFO] PluginManager:220 - loadIPPluginJar : add fmc
2024-03-16 10:59:56,427 [INFO] IPUIPlugin:80 - create IPUIPlugin
2024-03-16 10:59:56,428 [INFO] PluginManager:220 - loadIPPluginJar : add cryp
2024-03-16 10:59:56,429 [INFO] IPUIPlugin:80 - create IPUIPlugin
2024-03-16 10:59:56,430 [INFO] PluginManager:220 - loadIPPluginJar : add touchsensing
2024-03-16 10:59:56,431 [INFO] IPUIPlugin:80 - create IPUIPlugin
2024-03-16 10:59:56,432 [INFO] PluginManager:220 - loadIPPluginJar : add i2c
2024-03-16 10:59:56,435 [INFO] IPUIPlugin:80 - create IPUIPlugin
2024-03-16 10:59:56,435 [INFO] PluginManager:220 - loadIPPluginJar : add gpio
2024-03-16 10:59:56,441 [INFO] IPUIPlugin:80 - create IPUIPlugin
2024-03-16 10:59:56,442 [INFO] PluginManager:220 - loadIPPluginJar : add linkedlist
2024-03-16 10:59:56,443 [INFO] IPUIPlugin:80 - create IPUIPlugin
2024-03-16 10:59:56,443 [INFO] PluginManager:220 - loadIPPluginJar : add ucpd
2024-03-16 10:59:56,448 [INFO] IPUIPlugin:80 - create IPUIPlugin
2024-03-16 10:59:56,448 [INFO] PluginManager:220 - loadIPPluginJar : add dma
2024-03-16 10:59:56,450 [INFO] IPUIPlugin:80 - create IPUIPlugin
2024-03-16 10:59:56,450 [INFO] PluginManager:220 - loadIPPluginJar : add dma3
2024-03-16 10:59:56,451 [INFO] IPUIPlugin:80 - create IPUIPlugin
2024-03-16 10:59:56,451 [INFO] PluginManager:220 - loadIPPluginJar : add lorawan
2024-03-16 10:59:56,452 [INFO] IPUIPlugin:80 - create IPUIPlugin
2024-03-16 10:59:56,452 [INFO] PluginManager:220 - loadIPPluginJar : add fatfs
2024-03-16 10:59:56,455 [INFO] IPUIPlugin:80 - create IPUIPlugin
2024-03-16 10:59:56,455 [INFO] PluginManager:220 - loadIPPluginJar : add ipddr
2024-03-16 10:59:56,456 [INFO] IPUIPlugin:80 - create IPUIPlugin
2024-03-16 10:59:56,456 [INFO] PluginManager:220 - loadIPPluginJar : add genericplugin
2024-03-16 10:59:56,457 [INFO] IPUIPlugin:80 - create IPUIPlugin
2024-03-16 10:59:56,457 [INFO] PluginManager:220 - loadIPPluginJar : add i2s
2024-03-16 10:59:56,459 [INFO] IPUIPlugin:80 - create IPUIPlugin
2024-03-16 10:59:56,459 [INFO] PluginManager:220 - loadIPPluginJar : add usart
2024-03-16 10:59:56,460 [INFO] IPUIPlugin:80 - create IPUIPlugin
2024-03-16 10:59:56,460 [INFO] PluginManager:220 - loadIPPluginJar : add comp
2024-03-16 10:59:56,461 [INFO] IPUIPlugin:80 - create IPUIPlugin
2024-03-16 10:59:56,461 [INFO] PluginManager:220 - loadIPPluginJar : add tracer_emb
2024-03-16 10:59:56,463 [INFO] IPUIPlugin:80 - create IPUIPlugin
2024-03-16 10:59:56,463 [INFO] PluginManager:220 - loadIPPluginJar : add can
2024-03-16 10:59:56,465 [INFO] IPUIPlugin:80 - create IPUIPlugin
2024-03-16 10:59:56,465 [INFO] PluginManager:220 - loadIPPluginJar : add openamp
2024-03-16 10:59:56,469 [INFO] IPUIPlugin:80 - create IPUIPlugin
2024-03-16 10:59:56,469 [INFO] PluginManager:220 - loadIPPluginJar : add gic
2024-03-16 10:59:56,472 [INFO] IPUIPlugin:80 - create IPUIPlugin
2024-03-16 10:59:56,472 [INFO] PluginManager:220 - loadIPPluginJar : add nvic
2024-03-16 10:59:56,477 [INFO] IPUIPlugin:80 - create IPUIPlugin
2024-03-16 10:59:56,477 [INFO] PluginManager:220 - loadIPPluginJar : add adc
2024-03-16 10:59:56,479 [INFO] IPUIPlugin:80 - create IPUIPlugin
2024-03-16 10:59:56,479 [INFO] PluginManager:220 - loadIPPluginJar : add pdm2pcm
2024-03-16 10:59:56,481 [INFO] IPUIPlugin:80 - create IPUIPlugin
2024-03-16 10:59:56,481 [INFO] PluginManager:220 - loadIPPluginJar : add dfsdm
2024-03-16 10:59:56,482 [INFO] IPUIPlugin:80 - create IPUIPlugin
2024-03-16 10:59:56,482 [INFO] PluginManager:220 - loadIPPluginJar : add ltdc
2024-03-16 10:59:56,483 [INFO] IPUIPlugin:80 - create IPUIPlugin
2024-03-16 10:59:56,484 [INFO] PluginManager:220 - loadIPPluginJar : add aes
2024-03-16 10:59:56,485 [INFO] IPUIPlugin:80 - create IPUIPlugin
2024-03-16 10:59:56,485 [INFO] PluginManager:220 - loadIPPluginJar : add hash
2024-03-16 10:59:56,489 [INFO] IPUIPlugin:80 - create IPUIPlugin
2024-03-16 10:59:56,489 [INFO] PluginManager:220 - loadIPPluginJar : add stm32_wpan
2024-03-16 10:59:56,494 [INFO] IPUIPlugin:80 - create IPUIPlugin
2024-03-16 10:59:56,494 [INFO] PluginManager:220 - loadIPPluginJar : add mdma
2024-03-16 10:59:56,496 [INFO] IPUIPlugin:80 - create IPUIPlugin
2024-03-16 10:59:56,496 [INFO] PluginManager:220 - loadIPPluginJar : add tim
2024-03-16 10:59:56,497 [INFO] IPUIPlugin:80 - create IPUIPlugin
2024-03-16 10:59:56,497 [INFO] PluginManager:220 - loadIPPluginJar : add gfxmmu
2024-03-16 10:59:56,498 [INFO] IPUIPlugin:80 - create IPUIPlugin
2024-03-16 10:59:56,499 [INFO] PluginManager:220 - loadIPPluginJar : add gtzc
2024-03-16 10:59:56,500 [INFO] IPUIPlugin:80 - create IPUIPlugin
2024-03-16 10:59:56,500 [INFO] PluginManager:220 - loadIPPluginJar : add quadspi
2024-03-16 10:59:56,501 [INFO] IPUIPlugin:80 - create IPUIPlugin
2024-03-16 10:59:56,501 [INFO] PluginManager:220 - loadIPPluginJar : add ts
2024-03-16 10:59:56,503 [INFO] IPUIPlugin:80 - create IPUIPlugin
2024-03-16 10:59:56,503 [INFO] PluginManager:220 - loadIPPluginJar : add resmgrutility
2024-03-16 10:59:56,505 [INFO] IPUIPlugin:80 - create IPUIPlugin
2024-03-16 10:59:56,505 [INFO] PluginManager:220 - loadIPPluginJar : add usbx
2024-03-16 10:59:56,602 [INFO] CADModel:165 - CPN selected for project level
2024-03-16 10:59:56,602 [INFO] CADModel:114 - Register for checkConnection events
2024-03-16 10:59:56,602 [FATAL] Updater:308 - Updater called before beeing initialized
2024-03-16 10:59:56,602 [ERROR] CADModel:125 - Updater not yet initialized, retry later 
2024-03-16 10:59:56,677 [INFO] CADModel:165 - CPN selected for project level
2024-03-16 10:59:56,677 [INFO] CADModel:114 - Register for checkConnection events
2024-03-16 10:59:56,677 [FATAL] Updater:308 - Updater called before beeing initialized
2024-03-16 10:59:56,678 [ERROR] CADModel:125 - Updater not yet initialized, retry later 
2024-03-16 10:59:56,680 [FATAL] Updater:308 - Updater called before beeing initialized
2024-03-16 10:59:56,728 [FATAL] Updater:308 - Updater called before beeing initialized
2024-03-16 10:59:56,731 [INFO] DbMcusAds:53 - JSON generation date=Wed Nov 29 13:52:27 EAT 2023 (1701255147349)
2024-03-16 10:59:56,731 [FATAL] Updater:308 - Updater called before beeing initialized
2024-03-16 10:59:56,754 [WARN] DetailPanel:346 - Failed to get advertising image, set to default
2024-03-16 10:59:56,822 [FATAL] Updater:308 - Updater called before beeing initialized
2024-03-16 10:59:56,823 [FATAL] Updater:308 - Updater called before beeing initialized
2024-03-16 10:59:56,823 [FATAL] Updater:308 - Updater called before beeing initialized
2024-03-16 10:59:56,823 [WARN] DetailPanel:346 - Failed to get advertising image, set to default
2024-03-16 10:59:56,824 [FATAL] Updater:308 - Updater called before beeing initialized
2024-03-16 10:59:56,844 [ERROR] Updater:1120 - MainUpdater not yet initialized. External WinMGr cannot be set.
2024-03-16 10:59:56,845 [INFO] Updater:1056 - Updater Version found : 6.10.0
2024-03-16 10:59:56,858 [INFO] ApplicationProperties:184 - Using Application install path: /opt/st/stm32cubeide_1.13.1/plugins/com.st.stm32cube.common.mx_6.10.0.202311202037
2024-03-16 10:59:57,079 [INFO] MainUpdater:2873 - connection check result : 10
2024-03-16 10:59:57,080 [INFO] MainUpdater:290 - Updater Check For Update Now.
2024-03-16 10:59:57,080 [INFO] MicroXplorer:498 - Change Database Version : DB.6.0.100
2024-03-16 10:59:57,083 [INFO] McuFinderGlobals:63 - Set McuFinder mode to 2 (CubeIDE integrated)
2024-03-16 10:59:57,238 [INFO] CheckServerUpdateThread:120 - End of CheckServer Thread
2024-03-16 10:59:57,708 [INFO] UserAuth:404 - Internet connection configuration mode: 1
2024-03-16 10:59:57,715 [INFO] JxBrowserEngine:152 - Initiate JxBrowser Engine with user profile folder
2024-03-16 10:59:58,119 [INFO] WebApp:161 - Instantiating new browser for Auth
2024-03-16 10:59:58,524 [INFO] WebApp:780 - Register for checkConnection events
2024-03-16 10:59:58,525 [INFO] WebApp:414 - Apply proxy settings
2024-03-16 10:59:58,525 [INFO] WebApp:499 - Chromium requires no authentication
2024-03-16 10:59:58,529 [INFO] WebApp:442 - Direct internet connection detected
2024-03-16 10:59:58,608 [INFO] WebApp:192 - Starting web application
2024-03-16 10:59:58,608 [INFO] WebApp:544 - Web application path used /opt/st/stm32cubeide_1.13.1/plugins/com.st.stm32cube.common.mx_6.10.0.202311202037/db/plugins/mcufinder/reactClient1/index.html
2024-03-16 10:59:58,834 [ERROR] LogOutputStream:75 - [STDERR_REDIRECT] Mar 16, 2024 10:59:58 AM org.glassfish.grizzly.http.server.NetworkListener start
2024-03-16 10:59:58,835 [ERROR] LogOutputStream:75 - [STDERR_REDIRECT] INFO: Started listener bound to [localhost:1593]
2024-03-16 10:59:58,835 [ERROR] LogOutputStream:75 - [STDERR_REDIRECT] 
2024-03-16 10:59:58,835 [ERROR] LogOutputStream:75 - [STDERR_REDIRECT] Mar 16, 2024 10:59:58 AM org.glassfish.grizzly.http.server.HttpServer start
2024-03-16 10:59:58,835 [ERROR] LogOutputStream:75 - [STDERR_REDIRECT] INFO: [HttpServer] Started.
2024-03-16 10:59:58,835 [ERROR] LogOutputStream:75 - [STDERR_REDIRECT] 
2024-03-16 10:59:59,086 [WARN] PackLoader:240 - Cannot read IP mode file for STMicroelectronics.X-CUBE-SMBUS.2.1.0
2024-03-16 10:59:59,142 [WARN] PackLoader:240 - Cannot read IP mode file for STMicroelectronics.X-CUBE-TOUCHGFX.4.23.0
2024-03-16 10:59:59,170 [WARN] PackLoader:240 - Cannot read IP mode file for STMicroelectronics.X-CUBE-AZRTOS-F7.1.1.0
2024-03-16 10:59:59,177 [ERROR] RealEvaluatedCondition:428 - Found unsupported composite condition: GROUP='STM32_MetaDataManager' CLASS='Data Exchange'
2024-03-16 10:59:59,177 [ERROR] RealEvaluatedCondition:428 - Found unsupported composite condition: CLASS='Data Exchange' GROUP='STM32_MetaDataManager'
2024-03-16 10:59:59,178 [WARN] PackLoader:240 - Cannot read IP mode file for STMicroelectronics.FP-SNS-MOTENV1.4.3.0
2024-03-16 10:59:59,185 [WARN] PackLoader:240 - Cannot read IP mode file for STMicroelectronics.FP-SNS-MOTENV1.4.3.2
2024-03-16 10:59:59,190 [WARN] PackLoader:240 - Cannot read IP mode file for STMicroelectronics.FP-SNS-FLIGHT1.5.0.0
2024-03-16 10:59:59,193 [ERROR] RealEvaluatedCondition:428 - Found unsupported composite condition: CLASS='Data Exchange' GROUP='STM32_MetaDataManager'
2024-03-16 10:59:59,194 [ERROR] RealEvaluatedCondition:428 - Found unsupported composite condition: GROUP='STM32_MetaDataManager' CLASS='Data Exchange'
2024-03-16 10:59:59,198 [WARN] PackLoader:240 - Cannot read IP mode file for STMicroelectronics.FP-SNS-MOTENV1.4.3.1
2024-03-16 10:59:59,203 [WARN] PackLoader:240 - Cannot read IP mode file for STMicroelectronics.FP-SNS-FLIGHT1.5.0.1
2024-03-16 10:59:59,209 [WARN] PackLoader:240 - Cannot read IP mode file for STMicroelectronics.X-CUBE-BLE1.6.2.4
2024-03-16 10:59:59,213 [WARN] PackLoader:240 - Cannot read IP mode file for STMicroelectronics.FP-SNS-FLIGHT1.5.0.2
2024-03-16 10:59:59,219 [WARN] PackLoader:240 - Cannot read IP mode file for STMicroelectronics.X-CUBE-DISPLAY.3.0.0
2024-03-16 10:59:59,226 [WARN] PackLoader:240 - Cannot read IP mode file for STMicroelectronics.X-CUBE-BLE1.7.0.0
2024-03-16 10:59:59,229 [WARN] PackLoader:240 - Cannot read IP mode file for STMicroelectronics.X-CUBE-TOUCHGFX.4.22.0
2024-03-16 10:59:59,231 [WARN] PackLoader:240 - Cannot read IP mode file for STMicroelectronics.X-CUBE-TOUCHGFX.4.22.1
2024-03-16 10:59:59,238 [WARN] PackLoader:240 - Cannot read IP mode file for STMicroelectronics.X-CUBE-BLEMGR.3.1.0
2024-03-16 10:59:59,243 [WARN] PackLoader:240 - Cannot read IP mode file for STMicroelectronics.FP-SNS-SMARTAG2.1.2.0
2024-03-16 10:59:59,252 [INFO] LogOutputStream:77 - [STDOUT_REDIRECT] 1 : Invalid condition id : UX_CORESTACK_Condition cause : null
2024-03-16 10:59:59,252 [INFO] LogOutputStream:77 - [STDOUT_REDIRECT] 1 : Invalid condition id : UX_CORESTACK_Condition cause : null
2024-03-16 10:59:59,252 [INFO] LogOutputStream:77 - [STDOUT_REDIRECT] 1 : Invalid condition id : UX_CORESTACK_Condition cause : null
2024-03-16 10:59:59,252 [INFO] LogOutputStream:77 - [STDOUT_REDIRECT] 1 : Invalid condition id : UX_CORESTACK_Condition cause : null
2024-03-16 10:59:59,253 [INFO] LogOutputStream:77 - [STDOUT_REDIRECT] 1 : Invalid condition id : UX_CORESTACK_Condition cause : null
2024-03-16 10:59:59,255 [WARN] PackLoader:240 - Cannot read IP mode file for STMicroelectronics.X-CUBE-AZRTOS-WL.2.0.0
2024-03-16 10:59:59,262 [WARN] PackLoader:240 - Cannot read IP mode file for WES.I-CUBE-Cesium.1.3.0
2024-03-16 10:59:59,265 [WARN] PackLoader:240 - Cannot read IP mode file for STMicroelectronics.X-CUBE-BLE2.3.3.0
2024-03-16 10:59:59,267 [WARN] PackLoader:240 - Cannot read IP mode file for STMicroelectronics.X-CUBE-TOUCHGFX.4.21.3
2024-03-16 10:59:59,268 [WARN] PackLoader:240 - Cannot read IP mode file for STMicroelectronics.X-CUBE-TOUCHGFX.4.21.4
2024-03-16 10:59:59,272 [WARN] PackLoader:240 - Cannot read IP mode file for STMicroelectronics.X-CUBE-ALGOBUILD.1.3.0
2024-03-16 10:59:59,317 [WARN] PackLoader:240 - Cannot read IP mode file for STMicroelectronics.X-CUBE-AZRTOS-G0.1.1.0
2024-03-16 10:59:59,325 [WARN] PackLoader:240 - Cannot read IP mode file for STMicroelectronics.X-CUBE-NFC4.3.0.0
2024-03-16 10:59:59,333 [WARN] PackLoader:240 - Cannot read IP mode file for STMicroelectronics.X-CUBE-BLEMGR.3.0.0
2024-03-16 10:59:59,336 [WARN] PackLoader:240 - Cannot read IP mode file for STMicroelectronics.FP-ATR-SIGFOX1.3.2.0
2024-03-16 10:59:59,340 [WARN] PackLoader:240 - Cannot read IP mode file for STMicroelectronics.X-CUBE-EEPRMA1.5.1.0
2024-03-16 10:59:59,365 [WARN] PackLoader:240 - Cannot read IP mode file for STMicroelectronics.X-CUBE-MEMS1.9.5.0
2024-03-16 10:59:59,483 [WARN] PackLoader:240 - Cannot read IP mode file for SEGGER.I-CUBE-embOS.1.3.1
2024-03-16 10:59:59,517 [WARN] PackLoader:240 - Cannot read IP mode file for STMicroelectronics.X-CUBE-GNSS1.6.0.0
2024-03-16 10:59:59,525 [WARN] PackLoader:240 - Cannot read IP mode file for STMicroelectronics.X-CUBE-AZRTOS-F4.1.1.0
2024-03-16 10:59:59,529 [WARN] PackLoader:240 - Cannot read IP mode file for wolfSSL.I-CUBE-wolfSSL.5.6.0
2024-03-16 10:59:59,538 [WARN] PackLoader:240 - Cannot read IP mode file for STMicroelectronics.X-CUBE-AZRTOS-L5.2.0.0
2024-03-16 10:59:59,563 [WARN] PackLoader:240 - Cannot read IP mode file for STMicroelectronics.X-CUBE-MEMS1.9.6.0
2024-03-16 10:59:59,656 [WARN] PackLoader:240 - Cannot read IP mode file for STMicroelectronics.X-CUBE-EEPRMA1.4.2.0
2024-03-16 10:59:59,659 [WARN] PackLoader:240 - Cannot read IP mode file for ITTIA_DB.I-CUBE-ITTIADB.8.8.0
2024-03-16 10:59:59,663 [WARN] PackLoader:240 - Cannot read IP mode file for emotas.I-CUBE-CANOPEN.1.1.3
2024-03-16 10:59:59,667 [WARN] PackLoader:240 - Cannot read IP mode file for STMicroelectronics.X-CUBE-BLEMGR.2.0.0
2024-03-16 10:59:59,679 [WARN] ConditionMgr:438 - getConditionDescription Invalid condition id : UX DEVICE CLASS RTOS Condition cause : null
2024-03-16 10:59:59,679 [WARN] ConditionMgr:438 - getConditionDescription Invalid condition id : UX DEVICE CLASS RTOS Condition cause : null
2024-03-16 10:59:59,681 [WARN] PackLoader:240 - Cannot read IP mode file for STMicroelectronics.X-CUBE-AZRTOS-H7.3.1.0
2024-03-16 10:59:59,682 [WARN] ConditionMgr:1039 - genDependencies : Invalid condition id : UX DEVICE CLASS RTOS Condition cause : null
2024-03-16 10:59:59,682 [WARN] ConditionMgr:1039 - genDependencies : Invalid condition id : UX DEVICE CLASS RTOS Condition cause : null
2024-03-16 10:59:59,683 [WARN] ConditionMgr:1039 - genDependencies : Invalid condition id : UX DEVICE CLASS RTOS Condition cause : null
2024-03-16 10:59:59,683 [WARN] ConditionMgr:1039 - genDependencies : Invalid condition id : UX DEVICE CLASS RTOS Condition cause : null
2024-03-16 10:59:59,683 [WARN] ConditionMgr:1039 - genDependencies : Invalid condition id : UX DEVICE CLASS RTOS Condition cause : null
2024-03-16 10:59:59,686 [WARN] PackLoader:240 - Cannot read IP mode file for STMicroelectronics.X-CUBE-NFC7.1.0.1
2024-03-16 10:59:59,690 [WARN] PackLoader:240 - Cannot read IP mode file for STMicroelectronics.X-CUBE-NFC7.1.0.0
2024-03-16 10:59:59,694 [WARN] PackLoader:240 - Cannot read IP mode file for STMicroelectronics.X-CUBE-NFC6.3.0.0
2024-03-16 10:59:59,698 [WARN] PackLoader:240 - Cannot read IP mode file for STMicroelectronics.X-CUBE-EEPRMA1.4.1.0
2024-03-16 10:59:59,702 [WARN] PackLoader:240 - Cannot read IP mode file for STMicroelectronics.X-CUBE-AI.8.1.0
2024-03-16 10:59:59,711 [WARN] ConditionMgr:438 - getConditionDescription Invalid condition id : LAN8742 Phy interface Condition cause : null
2024-03-16 10:59:59,711 [WARN] PackLoader:240 - Cannot read IP mode file for STMicroelectronics.X-CUBE-AZRTOS-L4.2.0.0
2024-03-16 10:59:59,712 [WARN] ConditionMgr:1039 - genDependencies : Invalid condition id : LAN8742 Phy interface Condition cause : null
2024-03-16 10:59:59,712 [WARN] ConditionMgr:1039 - genDependencies : Invalid condition id : LAN8742 Phy interface Condition cause : null
2024-03-16 10:59:59,713 [WARN] ConditionMgr:1039 - genDependencies : Invalid condition id : LAN8742 Phy interface Condition cause : null
2024-03-16 10:59:59,717 [WARN] PackLoader:240 - Cannot read IP mode file for STMicroelectronics.X-CUBE-SFXS2LP1.4.0.0
2024-03-16 10:59:59,719 [WARN] PackLoader:240 - Cannot read IP mode file for STMicroelectronics.X-CUBE-ISPU.1.1.0
2024-03-16 10:59:59,721 [WARN] PackLoader:240 - Cannot read IP mode file for STMicroelectronics.X-CUBE-AI.8.0.0
2024-03-16 10:59:59,727 [WARN] ConditionMgr:438 - getConditionDescription Invalid condition id : UX DEVICE CLASS RTOS Condition cause : null
2024-03-16 10:59:59,727 [WARN] ConditionMgr:438 - getConditionDescription Invalid condition id : UX DEVICE CLASS RTOS Condition cause : null
2024-03-16 10:59:59,729 [WARN] PackLoader:240 - Cannot read IP mode file for STMicroelectronics.X-CUBE-AZRTOS-WB.2.0.0
2024-03-16 10:59:59,729 [WARN] ConditionMgr:1039 - genDependencies : Invalid condition id : UX DEVICE CLASS RTOS Condition cause : null
2024-03-16 10:59:59,729 [WARN] ConditionMgr:1039 - genDependencies : Invalid condition id : UX DEVICE CLASS RTOS Condition cause : null
2024-03-16 10:59:59,730 [WARN] ConditionMgr:1039 - genDependencies : Invalid condition id : UX DEVICE CLASS RTOS Condition cause : null
2024-03-16 10:59:59,730 [WARN] ConditionMgr:1039 - genDependencies : Invalid condition id : UX DEVICE CLASS RTOS Condition cause : null
2024-03-16 10:59:59,730 [WARN] ConditionMgr:1039 - genDependencies : Invalid condition id : UX DEVICE CLASS RTOS Condition cause : null
2024-03-16 10:59:59,733 [WARN] PackLoader:240 - Cannot read IP mode file for STMicroelectronics.X-CUBE-FREERTOS.1.0.1
2024-03-16 10:59:59,740 [WARN] PackLoader:240 - Cannot read IP mode file for STMicroelectronics.X-CUBE-AZRTOS-L5.1.1.0
2024-03-16 10:59:59,744 [WARN] PackLoader:240 - Cannot read IP mode file for STMicroelectronics.X-CUBE-AI.8.0.1
2024-03-16 10:59:59,749 [WARN] PackLoader:240 - Cannot read IP mode file for STMicroelectronics.X-CUBE-SUBG2.5.0.0
2024-03-16 10:59:59,758 [WARN] PackLoader:240 - Cannot read IP mode file for STMicroelectronics.X-CUBE-TOF1.3.3.1
2024-03-16 10:59:59,770 [WARN] PackLoader:240 - Cannot read IP mode file for STMicroelectronics.X-CUBE-AZRTOS-G4.2.0.0
2024-03-16 10:59:59,864 [WARN] PackLoader:240 - Cannot read IP mode file for STMicroelectronics.X-CUBE-TOF1.3.3.0
2024-03-16 10:59:59,875 [WARN] PackLoader:240 - Cannot read IP mode file for Infineon.AIROC-Wi-Fi-Bluetooth-STM32.1.5.1
2024-03-16 10:59:59,879 [WARN] PackLoader:240 - Cannot read IP mode file for STMicroelectronics.FP-SNS-MOTENVWB1.1.3.1
2024-03-16 10:59:59,885 [WARN] PackLoader:240 - Cannot read IP mode file for STMicroelectronics.X-CUBE-AZRTOS-G4.1.0.0
2024-03-16 10:59:59,894 [WARN] PackLoader:240 - Cannot read IP mode file for STMicroelectronics.X-CUBE-AZRTOS-L4.1.0.0
2024-03-16 10:59:59,898 [WARN] PackLoader:240 - Cannot read IP mode file for STMicroelectronics.X-CUBE-ISPU.2.0.0
2024-03-16 10:59:59,919 [WARN] PackLoader:240 - Cannot read IP mode file for STMicroelectronics.X-CUBE-MEMS1.10.0.0
2024-03-16 10:59:59,993 [WARN] PackLoader:240 - Cannot read IP mode file for STMicroelectronics.X-CUBE-FREERTOS.1.1.0
2024-03-16 10:59:59,999 [WARN] PackLoader:240 - Cannot read IP mode file for STMicroelectronics.X-CUBE-AZRTOS-WL.1.0.0
2024-03-16 11:00:00,003 [WARN] PackLoader:240 - Cannot read IP mode file for portGmbH.I-Cube-SoM-uGOAL.1.1.0
2024-03-16 11:00:00,027 [WARN] PackLoader:240 - Cannot read IP mode file for STMicroelectronics.X-CUBE-ALS.1.0.1
2024-03-16 11:00:00,040 [WARN] PackLoader:240 - Cannot read IP mode file for STMicroelectronics.X-CUBE-AZRTOS-WB.1.1.0
2024-03-16 11:00:00,045 [WARN] PackLoader:240 - Cannot read IP mode file for STMicroelectronics.FP-ATR-ASTRA1.2.0.0
2024-03-16 11:00:00,051 [WARN] PackLoader:240 - Cannot read IP mode file for STMicroelectronics.X-CUBE-TOF1.3.4.0
2024-03-16 11:00:00,064 [WARN] PackLoader:240 - Cannot read IP mode file for STMicroelectronics.X-CUBE-TOF1.3.4.1
2024-03-16 11:00:00,079 [WARN] PackLoader:240 - Cannot read IP mode file for STMicroelectronics.X-CUBE-AZRTOS-H7.3.2.0
2024-03-16 11:00:00,082 [INFO] ThirdParty:978 - Integrity check success = true
2024-03-16 11:00:00,082 [INFO] IntegrityCheckThread:100 - exiting critical section [integrity check]
2024-03-16 11:00:00,082 [INFO] IntegrityCheckThread:103 - End integrity checks thread
2024-03-16 11:29:44,561 [INFO] McuFinderGlobals:63 - Set McuFinder mode to 2 (CubeIDE integrated)
2024-03-16 11:29:46,557 [INFO] MainUpdater:2873 - connection check result : 10
2024-03-16 11:29:46,558 [INFO] MainUpdater:2873 - connection check result : 10
2024-03-16 11:29:46,584 [INFO] MicroXplorer:468 - Change Database Path : 
2024-03-16 11:29:46,584 [INFO] MicroXplorer:498 - Change Database Version : DB.6.0.100
2024-03-16 11:29:46,587 [WARN] ThirdParty:871 - waiting for thirdparty lock release [close project]
2024-03-16 11:29:46,587 [INFO] ThirdParty:873 - entering critical section [close project]
2024-03-16 11:29:46,588 [INFO] ThirdParty:883 - exiting critical section [close project]
2024-03-16 11:29:46,590 [INFO] PinOutPanel:1499 - setPackage(No Configuration,No Configuration)
2024-03-16 11:29:46,593 [INFO] UtilMem:75 - Begin LoadConfig() Used Memory: 252177488 Bytes (601882624)
2024-03-16 11:29:46,594 [INFO] MicroXplorer:468 - Change Database Path : 
2024-03-16 11:29:46,594 [INFO] MicroXplorer:498 - Change Database Version : DB.6.0.100
2024-03-16 11:29:46,594 [INFO] OpenFileManager:312 - Change cursor
2024-03-16 11:29:46,604 [INFO] ThirdPartyDownloadManager:103 - Found SW packSTMicroelectronics.X-CUBE-ALGOBUILD.1.3.0up-to-date on disk
2024-03-16 11:29:46,625 [INFO] Mcu:2016 - Initializing MCU STM32G031F(4-6-8)Px STM32G031F6Px STM32G031F6P6
2024-03-16 11:29:47,347 [INFO] Context:659 - Trying to add GPIOservice into a context  which must be forbidden
2024-03-16 11:29:47,699 [INFO] ApiDbMcu:508 - Load IP Config File for STMicroelectronics.X-CUBE-ALGOBUILD.1.3.0
2024-03-16 11:29:47,895 [INFO] RtosManager:555 - Registered RTOS mode: class=CMSIS, group=RTOS, mode=CMSIS_V1, owner=FREERTOS
2024-03-16 11:29:47,896 [INFO] RtosManager:555 - Registered RTOS mode: class=CMSIS, group=RTOS2, mode=CMSIS_V2, owner=FREERTOS
2024-03-16 11:29:47,896 [INFO] RtosManager:555 - Registered RTOS mode: class=RTOS, group=Core, mode=CMSIS_V1, owner=FREERTOS
2024-03-16 11:29:47,896 [INFO] RtosManager:555 - Registered RTOS mode: class=RTOS, group=Core, mode=CMSIS_V2, owner=FREERTOS
2024-03-16 11:29:47,896 [WARN] ModelIntegratedComponent:184 - Missing modes for component STMicroelectronics:FreeRTOS:0.0.1:STMicroelectronics:RTOS:FreeRTOS:Core:::10.2.0:
2024-03-16 11:29:47,909 [WARN] ModelIntegratedComponent:63 - No mode defined for component null
2024-03-16 11:29:47,909 [WARN] ModelIntegratedComponent:63 - No mode defined for component null
2024-03-16 11:29:47,909 [WARN] ModelIntegratedComponent:63 - No mode defined for component null
2024-03-16 11:29:47,909 [WARN] ModelIntegratedComponent:63 - No mode defined for component null
2024-03-16 11:29:47,909 [WARN] ModelIntegratedComponent:63 - No mode defined for component null
2024-03-16 11:29:47,909 [WARN] ModelIntegratedComponent:63 - No mode defined for component null
2024-03-16 11:29:47,910 [WARN] ModelIntegratedComponent:63 - No mode defined for component null
2024-03-16 11:29:47,910 [WARN] ModelIntegratedComponent:63 - No mode defined for component null
2024-03-16 11:29:47,910 [WARN] ModelIntegratedComponent:63 - No mode defined for component null
2024-03-16 11:29:47,910 [WARN] ModelIntegratedComponent:63 - No mode defined for component null
2024-03-16 11:29:47,910 [WARN] ModelIntegratedComponent:63 - No mode defined for component null
2024-03-16 11:29:47,910 [WARN] ModelIntegratedComponent:63 - No mode defined for component null
2024-03-16 11:29:47,910 [WARN] ModelIntegratedComponent:63 - No mode defined for component null
2024-03-16 11:29:47,910 [WARN] ModelIntegratedComponent:63 - No mode defined for component null
2024-03-16 11:29:47,910 [WARN] ModelIntegratedComponent:63 - No mode defined for component null
2024-03-16 11:29:47,910 [WARN] ModelIntegratedComponent:63 - No mode defined for component null
2024-03-16 11:29:47,910 [WARN] ModelIntegratedComponent:63 - No mode defined for component null
2024-03-16 11:29:47,910 [WARN] ModelIntegratedComponent:63 - No mode defined for component null
2024-03-16 11:29:47,910 [WARN] ModelIntegratedComponent:63 - No mode defined for component null
2024-03-16 11:29:47,910 [WARN] ModelIntegratedComponent:63 - No mode defined for component null
2024-03-16 11:29:47,910 [WARN] ModelIntegratedComponent:63 - No mode defined for component null
2024-03-16 11:29:47,910 [WARN] ModelIntegratedComponent:63 - No mode defined for component null
2024-03-16 11:29:47,910 [WARN] ModelIntegratedComponent:63 - No mode defined for component null
2024-03-16 11:29:47,910 [WARN] ModelIntegratedComponent:63 - No mode defined for component null
2024-03-16 11:29:47,910 [WARN] ModelIntegratedComponent:63 - No mode defined for component null
2024-03-16 11:29:47,910 [WARN] ModelIntegratedComponent:63 - No mode defined for component null
2024-03-16 11:29:47,910 [WARN] ModelIntegratedComponent:63 - No mode defined for component null
2024-03-16 11:29:47,910 [WARN] ModelIntegratedComponent:63 - No mode defined for component null
2024-03-16 11:29:47,910 [WARN] ModelIntegratedComponent:63 - No mode defined for component null
2024-03-16 11:29:47,910 [WARN] ModelIntegratedComponent:63 - No mode defined for component null
2024-03-16 11:29:47,911 [WARN] ModelIntegratedComponent:63 - No mode defined for component null
2024-03-16 11:29:47,911 [WARN] ModelIntegratedComponent:63 - No mode defined for component null
2024-03-16 11:29:47,911 [WARN] ModelIntegratedComponent:63 - No mode defined for component null
2024-03-16 11:29:48,293 [INFO] ThirdPartyModel:298 - Start build external matchings
2024-03-16 11:29:48,977 [INFO] ThirdPartyModel:316 - End build external matchings
2024-03-16 11:29:49,007 [INFO] ImportTextPane:194 - (OptionalMessage_ERROR) IP (DMA) : Parameter (Instance) has Id (ADC1) currently not set
2024-03-16 11:29:49,007 [INFO] ImportTextPane:194 - (OptionalMessage_ERROR) IP (DMA) : Parameter (Request) has Id (ADC1) currently not set
2024-03-16 11:29:49,007 [INFO] ImportTextPane:194 - (OptionalMessage_ERROR) IP (DMA) : Parameter (Direction) has Id (ADC1) currently not set
2024-03-16 11:29:49,007 [INFO] ImportTextPane:194 - (OptionalMessage_ERROR) IP (DMA) : Parameter (PeriphInc) has Id (ADC1) currently not set
2024-03-16 11:29:49,007 [INFO] ImportTextPane:194 - (OptionalMessage_ERROR) IP (DMA) : Parameter (MemInc) has Id (ADC1) currently not set
2024-03-16 11:29:49,008 [INFO] ImportTextPane:194 - (OptionalMessage_ERROR) IP (DMA) : Parameter (PeriphDataAlignment) has Id (ADC1) currently not set
2024-03-16 11:29:49,008 [INFO] ImportTextPane:194 - (OptionalMessage_ERROR) IP (DMA) : Parameter (MemDataAlignment) has Id (ADC1) currently not set
2024-03-16 11:29:49,008 [INFO] ImportTextPane:194 - (OptionalMessage_ERROR) IP (DMA) : Parameter (Mode) has Id (ADC1) currently not set
2024-03-16 11:29:49,008 [INFO] ImportTextPane:194 - (OptionalMessage_ERROR) IP (DMA) : Parameter (Priority) has Id (ADC1) currently not set
2024-03-16 11:29:49,008 [INFO] ImportTextPane:194 - (OptionalMessage_ERROR) IP (DMA) : Parameter (SignalID) has Id (ADC1) currently not set
2024-03-16 11:29:49,008 [INFO] ImportTextPane:194 - (OptionalMessage_ERROR) IP (DMA) : Parameter (Polarity) has Id (ADC1) currently not set
2024-03-16 11:29:49,008 [INFO] ImportTextPane:194 - (OptionalMessage_ERROR) IP (DMA) : Parameter (RequestNumber) has Id (ADC1) currently not set
2024-03-16 11:29:49,008 [INFO] ImportTextPane:194 - (OptionalMessage_ERROR) IP (DMA) : Parameter (SyncSignalID) has Id (ADC1) currently not set
2024-03-16 11:29:49,008 [INFO] ImportTextPane:194 - (OptionalMessage_ERROR) IP (DMA) : Parameter (SyncPolarity) has Id (ADC1) currently not set
2024-03-16 11:29:49,008 [INFO] ImportTextPane:194 - (OptionalMessage_ERROR) IP (DMA) : Parameter (SyncEnable) has Id (ADC1) currently not set
2024-03-16 11:29:49,008 [INFO] ImportTextPane:194 - (OptionalMessage_ERROR) IP (DMA) : Parameter (EventEnable) has Id (ADC1) currently not set
2024-03-16 11:29:49,008 [INFO] ImportTextPane:194 - (OptionalMessage_ERROR) IP (DMA) : Parameter (SyncRequestNumber) has Id (ADC1) currently not set
2024-03-16 11:29:49,009 [INFO] ImportTextPane:194 - (OptionalMessage_ERROR) IP (RCC) : Invalid parameter (FamilyName)
2024-03-16 11:29:49,114 [INFO] UtilMem:75 - End LoadConfig() Used Memory: 390139768 Bytes (601882624)
2024-03-16 11:29:49,173 [INFO] ApiDb:581 - Connected to CubeFinder SQLite database (/home/viktor/.stmcufinder/plugins/mcufinder/mcu/cube-finder-db.db)
2024-03-16 11:29:49,210 [INFO] ApiDb:668 - CubeFinder database Data Model version=2.1
2024-03-16 11:29:49,210 [INFO] ApiDb:669 - CubeFinder database Configuration version=3.0.39
2024-03-16 11:29:49,211 [INFO] ApiDb:670 - CubeFinder database generation date=2024-02-19 (1708350410)
2024-03-16 11:29:49,211 [INFO] ApiDb:671 - CubeFinder database FW Pack versions=[FP-ATR-ASTRA1_V2.0.0, FP-SNS-FLIGHT1_V5.0.1, FP-SNS-FLIGHT1_V5.0.2, FP-SNS-MOTENV1_V4.3.1, FP-SNS-MOTENV1_V4.3.2, FP-SNS-MOTENVWB1_V1.3.1, FP-SNS-SMARTAG2_V1.2.0, STM32Cube_FW_C0_V1.1.0, STM32Cube_FW_F4_V1.28.0, STM32Cube_FW_F7_V1.17.0, STM32Cube_FW_G0_V1.6.2, STM32Cube_FW_G4_V1.5.2, STM32Cube_FW_H5_V0.5.1, STM32Cube_FW_H5_V1.1.1, STM32Cube_FW_H5_V1.2.0RC2, STM32Cube_FW_H7_V1.11.0, STM32Cube_FW_L0_V1.12.2, STM32Cube_FW_L5_V1.5.0, STM32Cube_FW_U5_V1.3.0RC4, STM32Cube_FW_U5_V1.4.0, STM32Cube_FW_WBA_V1.0.0RC1, STM32Cube_FW_WBA_V1.1.0RC1, STM32Cube_FW_WBA_V1.2.0, STM32Cube_FW_WBA_V1.2.0RC2, STM32Cube_FW_WB_V1.15.0RC1, STM32Cube_FW_WB_V1.16.0, STM32Cube_FW_WB_V1.16.0RC2, STM32Cube_FW_WB_V1.18.0, STM32Cube_FW_WL_V1.3.0, X-CUBE-ALGOBUILD_V1.3.0, X-CUBE-ALS_V1.0.1, X-CUBE-AZRTOS-F4_V1.1.0, X-CUBE-AZRTOS-F7_V1.1.0, X-CUBE-AZRTOS-G0_V1.1.0, X-CUBE-AZRTOS-G4_V2.0.0, X-CUBE-AZRTOS-H7_V3.2.0, X-CUBE-AZRTOS-L4_V1.0.0, X-CUBE-AZRTOS-L4_V2.0.0, X-CUBE-AZRTOS-L5_V1.1.0, X-CUBE-AZRTOS-WB_V2.0.0, X-CUBE-AZRTOS-WL_V2.0.0, X-CUBE-BLE1_V7.0.0, X-CUBE-BLE2_V3.3.0, X-CUBE-BLEMGR_V3.0.0, X-CUBE-EEPRMA1_V4.1.0, X-CUBE-EEPRMA1_V5.1.0, X-CUBE-FREERTOS_V1.1.0, X-CUBE-GNSS1_V6.0.0, X-CUBE-MEMS1_V10.0.0, X-CUBE-MEMS1_V9.1.0, X-CUBE-MEMS1_V9.4.0, X-CUBE-MEMS1_V9.6.0, X-CUBE-NFC4_V3.0.0, X-CUBE-NFC7_V1.0.1, X-CUBE-SFXS2LP1_V4.0.0, X-CUBE-SUBG2_V5.0.0, X-CUBE-TOF1_V3.4.0]
2024-03-16 11:29:50,810 [INFO] ApiDb:240 - Found 371 in-development CPN: [B-G473E-ZEST1S, B-WB1M-WPAN1, B-WL5M-SUBG1, NUCLEO-C031C6, NUCLEO-H503RB, NUCLEO-H563ZI, NUCLEO-U545RE-Q, NUCLEO-U5A5ZJ-Q, NUCLEO-WBA52CG, NUCLEO-WBA55CG, STEVAL-MKBOXPRO, STEVAL-PROTEUS1, STEVAL-STWINBX1, STM320518-EVAL, STM32C0116-DK, STM32C011D6Y3TR, STM32C011D6Y6TR, STM32C011F4P3, STM32C011F4P6, STM32C011F4U3, STM32C011F4U6TR, STM32C011F6P3, STM32C011F6P6, STM32C011F6U3, STM32C011F6U6TR, STM32C011J4M3, STM32C011J4M6, STM32C011J6M3, STM32C011J6M6, STM32C0316-DK, STM32C031C4T3, STM32C031C4T6, STM32C031C4U3, STM32C031C4U6, STM32C031C6T3, STM32C031C6T6, STM32C031C6U3, STM32C031C6U6, STM32C031F4P3, STM32C031F4P6, STM32C031F6P3, STM32C031F6P6, STM32C031G4U3, STM32C031G4U6, STM32C031G6U3, STM32C031G6U6, STM32C031K4T3, STM32C031K4T6, STM32C031K4U3, STM32C031K4U6, STM32C031K6T3, STM32C031K6T6, STM32C031K6U3, STM32C031K6U6, STM32G071K8TXN, STM32G071K8UXN, STM32G081GBU6N, STM32G081KBT6N, STM32G081KBUXN, STM32G0B1CCT6N, STM32G0B1KCT6, STM32G0B1NEY6TR, STM32G0B1RCT6N, STM32G0C1CCT6, STM32G0C1CCT6N, STM32G0C1CCU6N, STM32G0C1CET6N, STM32G0C1CEU6N, STM32G0C1KCT6, STM32G0C1NEY6TR, STM32G0C1RCI6N, STM32G0C1RCT6N, STM32G0C1REI6N, STM32G0C1RET6N, STM32G0C1VCI6, STM32G0C1VEI6, STM32G471CCT6, STM32G471CCU6, STM32G471CET3, STM32G471CET6, STM32G471CEU3, STM32G471CEU6, STM32G471MCT6, STM32G471MET3, STM32G471MET6, STM32G471MEY6TR, STM32G471QCT6, STM32G471QET3, STM32G471RCT6, STM32G471RET3, STM32G471RET6, STM32G471VCH6, STM32G471VCI6, STM32G471VCT6, STM32G471VEH3, STM32G471VEH6, STM32G471VEI3, STM32G471VEI6, STM32G471VET3, STM32G471VET6, STM32G474CCT6, STM32H503CBT6, STM32H503CBU6, STM32H503EBY6TR, STM32H503KBU6, STM32H503RBT6, STM32H562AGI6, STM32H562AII6, STM32H562IGK6, STM32H562IGT6, STM32H562IIK6, STM32H562IIT6, STM32H562RGT6, STM32H562RGV6, STM32H562RIT6, STM32H562RIV6, STM32H562VGT6, STM32H562VIT6, STM32H562ZGT6, STM32H562ZIT6, STM32H563AGI6, STM32H563AII3Q, STM32H563AII6, STM32H563IGK6, STM32H563IGT6, STM32H563IIK3Q, STM32H563IIK6, STM32H563IIT3Q, STM32H563IIT6, STM32H563MIY3QTR, STM32H563RGT6, STM32H563RGV6, STM32H563RIT6, STM32H563RIV6, STM32H563VGT6, STM32H563VIT3Q, STM32H563VIT6, STM32H563ZGT6, STM32H563ZIT3Q, STM32H563ZIT6, STM32H573AII3Q, STM32H573AII6, STM32H573I-DK, STM32H573IIK3Q, STM32H573IIK6, STM32H573IIT3Q, STM32H573IIT6, STM32H573MIY3QTR, STM32H573RIT6, STM32H573RIV6, STM32H573VIT3Q, STM32H573VIT6, STM32H573ZIT3Q, STM32H573ZIT6, STM32L4R5QGI6STR, STM32MP131AAE3, STM32MP131AAF3, STM32MP131AAG3, STM32MP131CAE3, STM32MP131CAF3, STM32MP131CAG3, STM32MP131DAE7, STM32MP131DAF7, STM32MP131DAG7, STM32MP131FAE7, STM32MP131FAF7, STM32MP131FAG7, STM32MP133AAE3, STM32MP133AAF3, STM32MP133AAG3, STM32MP133CAE3, STM32MP133CAF3, STM32MP133CAG3, STM32MP133DAE7, STM32MP133DAF7, STM32MP133DAG7, STM32MP133FAE7, STM32MP133FAF7, STM32MP133FAG7, STM32MP135AAE3, STM32MP135AAF3, STM32MP135AAG3, STM32MP135CAE3, STM32MP135CAF3, STM32MP135CAG3, STM32MP135DAE7, STM32MP135DAF7, STM32MP135DAG7, STM32MP135F-DK, STM32MP135FAE7, STM32MP135FAF7, STM32MP135FAF7T, STM32MP135FAF7U, STM32MP135FAG7, STM32U535CBT6, STM32U535CBT6Q, STM32U535CBU6, STM32U535CBU6Q, STM32U535CCT6, STM32U535CCT6Q, STM32U535CCU6, STM32U535CCU6Q, STM32U535CET6, STM32U535CET6Q, STM32U535CEU6, STM32U535CEU6Q, STM32U535JEY6QTR, STM32U535NCY6QTR, STM32U535NEY6QTR, STM32U535RBI6, STM32U535RBI6Q, STM32U535RBT6, STM32U535RBT6Q, STM32U535RCI6, STM32U535RCI6Q, STM32U535RCT6, STM32U535RCT6Q, STM32U535REI6, STM32U535REI6Q, STM32U535RET6, STM32U535RET6Q, STM32U535VCI6, STM32U535VCI6Q, STM32U535VCT6, STM32U535VCT6Q, STM32U535VEI6, STM32U535VEI6Q, STM32U535VET6, STM32U535VET6Q, STM32U545CET6, STM32U545CET6Q, STM32U545CEU6, STM32U545CEU6Q, STM32U545JEY6QTR, STM32U545NEY6QTR, STM32U545REI6, STM32U545REI6Q, STM32U545RET6, STM32U545RET6Q, STM32U545VEI6, STM32U545VEI6Q, STM32U545VET6, STM32U545VET6Q, STM32U595AIH6, STM32U595AIH6Q, STM32U595AJH6, STM32U595AJH6Q, STM32U595QII6, STM32U595QII6Q, STM32U595QJI6, STM32U595QJI6Q, STM32U595RIT6, STM32U595RIT6Q, STM32U595RJT6, STM32U595RJT6Q, STM32U595VIT6, STM32U595VIT6Q, STM32U595VJT6, STM32U595VJT6Q, STM32U595ZIT6, STM32U595ZIT6Q, STM32U595ZIY6QTR, STM32U595ZJT6, STM32U595ZJT6Q, STM32U595ZJY6QTR, STM32U599BJY6QTR, STM32U599NIH6Q, STM32U599NJH6Q, STM32U599VIT6Q, STM32U599VJT6, STM32U599VJT6Q, STM32U599ZIT6Q, STM32U599ZIY6QTR, STM32U599ZJT6Q, STM32U599ZJY6QTR, STM32U5A5AJH6, STM32U5A5AJH6Q, STM32U5A5QJI6, STM32U5A5QJI6Q, STM32U5A5RJT6, STM32U5A5RJT6Q, STM32U5A5VJT6, STM32U5A5VJT6Q, STM32U5A5ZJT6, STM32U5A5ZJT6Q, STM32U5A5ZJY6QTR, STM32U5A9BJY6QTR, STM32U5A9J-DK, STM32U5A9NJH6Q, STM32U5A9VJT6Q, STM32U5A9ZJT6Q, STM32U5A9ZJY6QTR, STM32U5F7VIT6, STM32U5F7VIT6Q, STM32U5F7VJT6, STM32U5F7VJT6Q, STM32U5F9BJY6QTR, STM32U5F9NJH6Q, STM32U5F9VIT6Q, STM32U5F9VJT6Q, STM32U5F9ZIJ6QTR, STM32U5F9ZIT6Q, STM32U5F9ZJJ6QTR, STM32U5F9ZJT6Q, STM32U5G7VJT6, STM32U5G7VJT6Q, STM32U5G9BJY6QTR, STM32U5G9J-DK1, STM32U5G9J-DK2, STM32U5G9NJH6Q, STM32U5G9VJT6Q, STM32U5G9ZJJ6QTR, STM32U5G9ZJT6Q, STM32WB1MMCH6, STM32WBA50KEU6, STM32WBA50KEU6TR, STM32WBA50KGU6, STM32WBA50KGU6TR, STM32WBA52CEU6, STM32WBA52CEU6TR, STM32WBA52CEU7, STM32WBA52CEU7TR, STM32WBA52CGU6, STM32WBA52CGU6TR, STM32WBA52CGU6U, STM32WBA52CGU7, STM32WBA52CGU7TR, STM32WBA52KEU6, STM32WBA52KEU6TR, STM32WBA52KGU6, STM32WBA52KGU6TR, STM32WBA54CEU6, STM32WBA54CEU6TR, STM32WBA54CEU7, STM32WBA54CEU7TR, STM32WBA54CGU6, STM32WBA54CGU6TR, STM32WBA54CGU7, STM32WBA54CGU7TR, STM32WBA54KEU6, STM32WBA54KEU6TR, STM32WBA54KEU7, STM32WBA54KEU7TR, STM32WBA54KGU6, STM32WBA54KGU6TR, STM32WBA54KGU7, STM32WBA54KGU7TR, STM32WBA55CEU6, STM32WBA55CEU6TR, STM32WBA55CEU7, STM32WBA55CEU7TR, STM32WBA55CGU6, STM32WBA55CGU6TR, STM32WBA55CGU6U, STM32WBA55CGU7, STM32WBA55CGU7TR, STM32WBA55G-DK1, STM32WBA55HEF6, STM32WBA55HEF7, STM32WBA55HGF6, STM32WBA55HGF7, STM32WBA55UEI6, STM32WBA55UEI6TR, STM32WBA55UEI7, STM32WBA55UEI7TR, STM32WBA55UGI6, STM32WBA55UGI6TR, STM32WBA55UGI7, STM32WBA55UGI7TR, STM32WL5MOCH6, STM32WL5MOCH6TR]
2024-03-16 11:29:50,813 [INFO] DbMcus:218 - Found 3930 MCUs, 3930 are supported
2024-03-16 11:29:50,816 [INFO] ApiDb:423 - Load user favorites file /home/viktor/.stm32cubeide/favorites.mcus.txt: 2 item(s)
2024-03-16 11:29:50,817 [INFO] ApiDb:427 - User favorites MCUs=[STM32F411CEU6, STM32G431CBU6]
2024-03-16 11:29:50,817 [INFO] DbMcus:224 - Set 2 / 2 favorites MCUs
2024-03-16 11:29:51,132 [INFO] MicroXplorer:468 - Change Database Path : 
2024-03-16 11:29:51,132 [INFO] MicroXplorer:498 - Change Database Version : DB.6.0.100
2024-03-16 11:29:51,133 [WARN] ThirdParty:833 - waiting for thirdparty lock release [change project]
2024-03-16 11:29:51,133 [INFO] ThirdParty:835 - entering critical section [change project]
2024-03-16 11:29:51,133 [INFO] ThirdParty:1030 - CMSIS Pack Vendor :STMicroelectronics X-CUBE-ISPU 1.1.0
2024-03-16 11:29:51,133 [INFO] ThirdParty:1030 - CMSIS Pack Vendor :STMicroelectronics USBPD 4.1
2024-03-16 11:29:51,133 [INFO] ThirdParty:1030 - CMSIS Pack Vendor :STMicroelectronics X-CUBE-GNSS1 6.0.0
2024-03-16 11:29:51,133 [INFO] ThirdParty:1030 - CMSIS Pack Vendor :STMicroelectronics USB_HOST 2.0.0
2024-03-16 11:29:51,133 [INFO] ThirdParty:1030 - CMSIS Pack Vendor :STMicroelectronics X-CUBE-AZRTOS-F4 1.1.0
2024-03-16 11:29:51,133 [INFO] ThirdParty:1030 - CMSIS Pack Vendor :STMicroelectronics LIBJPEG 8.0.0
2024-03-16 11:29:51,133 [INFO] ThirdParty:1030 - CMSIS Pack Vendor :STMicroelectronics X-CUBE-SMBUS 2.1.0
2024-03-16 11:29:51,134 [INFO] ThirdParty:1030 - CMSIS Pack Vendor :wolfSSL I-CUBE-wolfSSL 5.6.0
2024-03-16 11:29:51,134 [INFO] ThirdParty:1030 - CMSIS Pack Vendor :STMicroelectronics USB_DEVICE 3.0.0
2024-03-16 11:29:51,134 [INFO] ThirdParty:1030 - CMSIS Pack Vendor :STMicroelectronics X-CUBE-AI 8.0.0
2024-03-16 11:29:51,134 [INFO] ThirdParty:1030 - CMSIS Pack Vendor :STMicroelectronics X-CUBE-AZRTOS-WB 2.0.0
2024-03-16 11:29:51,134 [INFO] ThirdParty:1030 - CMSIS Pack Vendor :STMicroelectronics X-CUBE-FREERTOS 1.0.1
2024-03-16 11:29:51,134 [INFO] ThirdParty:1030 - CMSIS Pack Vendor :STMicroelectronics X-CUBE-TOUCHGFX 4.21.3
2024-03-16 11:29:51,134 [INFO] ThirdParty:1030 - CMSIS Pack Vendor :STMicroelectronics X-CUBE-TOUCHGFX 4.23.0
2024-03-16 11:29:51,134 [INFO] ThirdParty:1030 - CMSIS Pack Vendor :STMicroelectronics X-CUBE-AZRTOS-F7 1.1.0
2024-03-16 11:29:51,134 [INFO] ThirdParty:1030 - CMSIS Pack Vendor :STMicroelectronics X-CUBE-TOUCHGFX 4.21.4
2024-03-16 11:29:51,134 [INFO] ThirdParty:1030 - CMSIS Pack Vendor :STMicroelectronics X-CUBE-AZRTOS-L5 2.0.0
2024-03-16 11:29:51,134 [INFO] ThirdParty:1030 - CMSIS Pack Vendor :STMicroelectronics USB_DEVICE 2.0.0
2024-03-16 11:29:51,134 [INFO] ThirdParty:1030 - CMSIS Pack Vendor :STMicroelectronics X-CUBE-MEMS1 9.6.0
2024-03-16 11:29:51,134 [INFO] ThirdParty:1030 - CMSIS Pack Vendor :STMicroelectronics X-CUBE-EEPRMA1 4.2.0
2024-03-16 11:29:51,134 [INFO] ThirdParty:1030 - CMSIS Pack Vendor :ITTIA_DB I-CUBE-ITTIADB 8.8.0
2024-03-16 11:29:51,134 [INFO] ThirdParty:1030 - CMSIS Pack Vendor :STMicroelectronics FP-SNS-MOTENV1 4.3.0
2024-03-16 11:29:51,134 [INFO] ThirdParty:1030 - CMSIS Pack Vendor :STMicroelectronics FP-SNS-MOTENV1 4.3.2
2024-03-16 11:29:51,134 [INFO] ThirdParty:1030 - CMSIS Pack Vendor :STMicroelectronics FP-SNS-FLIGHT1 5.0.0
2024-03-16 11:29:51,134 [INFO] ThirdParty:1030 - CMSIS Pack Vendor :STMicroelectronics FP-SNS-MOTENV1 4.3.1
2024-03-16 11:29:51,134 [INFO] ThirdParty:1030 - CMSIS Pack Vendor :STMicroelectronics FP-SNS-FLIGHT1 5.0.1
2024-03-16 11:29:51,134 [INFO] ThirdParty:1030 - CMSIS Pack Vendor :STMicroelectronics X-CUBE-ALGOBUILD 1.3.0
2024-03-16 11:29:51,134 [INFO] ThirdParty:1030 - CMSIS Pack Vendor :STMicroelectronics X-CUBE-BLE1 6.2.4
2024-03-16 11:29:51,134 [INFO] ThirdParty:1030 - CMSIS Pack Vendor :STMicroelectronics X-CUBE-AZRTOS-L5 1.1.0
2024-03-16 11:29:51,134 [INFO] ThirdParty:1030 - CMSIS Pack Vendor :STMicroelectronics FreeRTOS 0.0.1
2024-03-16 11:29:51,134 [INFO] ThirdParty:1030 - CMSIS Pack Vendor :STMicroelectronics X-CUBE-AZRTOS-G0 1.1.0
2024-03-16 11:29:51,134 [INFO] ThirdParty:1030 - CMSIS Pack Vendor :emotas I-CUBE-CANOPEN 1.1.3
2024-03-16 11:29:51,134 [INFO] ThirdParty:1030 - CMSIS Pack Vendor :STMicroelectronics X-CUBE-BLEMGR 2.0.0
2024-03-16 11:29:51,134 [INFO] ThirdParty:1030 - CMSIS Pack Vendor :STMicroelectronics X-CUBE-AI 8.0.1
2024-03-16 11:29:51,134 [INFO] ThirdParty:1030 - CMSIS Pack Vendor :STMicroelectronics X-CUBE-NFC4 3.0.0
2024-03-16 11:29:51,134 [INFO] ThirdParty:1030 - CMSIS Pack Vendor :STMicroelectronics X-CUBE-SUBG2 5.0.0
2024-03-16 11:29:51,135 [INFO] ThirdParty:1030 - CMSIS Pack Vendor :STMicroelectronics STM32_WPAN 1.0.0
2024-03-16 11:29:51,135 [INFO] ThirdParty:1030 - CMSIS Pack Vendor :STMicroelectronics lwIP 2.0.3
2024-03-16 11:29:51,135 [INFO] ThirdParty:1030 - CMSIS Pack Vendor :STMicroelectronics FP-SNS-FLIGHT1 5.0.2
2024-03-16 11:29:51,135 [INFO] ThirdParty:1030 - CMSIS Pack Vendor :STMicroelectronics USB_HOST 1.0.0
2024-03-16 11:29:51,135 [INFO] ThirdParty:1030 - CMSIS Pack Vendor :STMicroelectronics X-CUBE-TOF1 3.3.1
2024-03-16 11:29:51,135 [INFO] ThirdParty:1030 - CMSIS Pack Vendor :STMicroelectronics X-CUBE-AZRTOS-G4 2.0.0
2024-03-16 11:29:51,135 [INFO] ThirdParty:1030 - CMSIS Pack Vendor :STMicroelectronics PDM2PCM 3.1.0
2024-03-16 11:29:51,135 [INFO] ThirdParty:1030 - CMSIS Pack Vendor :STMicroelectronics X-CUBE-AZRTOS-H7 3.1.0
2024-03-16 11:29:51,135 [INFO] ThirdParty:1030 - CMSIS Pack Vendor :STMicroelectronics X-CUBE-TOF1 3.3.0
2024-03-16 11:29:51,135 [INFO] ThirdParty:1030 - CMSIS Pack Vendor :Infineon AIROC-Wi-Fi-Bluetooth-STM32 1.5.1
2024-03-16 11:29:51,135 [INFO] ThirdParty:1030 - CMSIS Pack Vendor :STMicroelectronics X-CUBE-BLEMGR 3.0.0
2024-03-16 11:29:51,135 [INFO] ThirdParty:1030 - CMSIS Pack Vendor :STMicroelectronics PDM2PCM 3.3.0
2024-03-16 11:29:51,135 [INFO] ThirdParty:1030 - CMSIS Pack Vendor :STMicroelectronics X-CUBE-DISPLAY 3.0.0
2024-03-16 11:29:51,135 [INFO] ThirdParty:1030 - CMSIS Pack Vendor :STMicroelectronics FP-SNS-MOTENVWB1 1.3.1
2024-03-16 11:29:51,135 [INFO] ThirdParty:1030 - CMSIS Pack Vendor :STMicroelectronics X-CUBE-BLE1 7.0.0
2024-03-16 11:29:51,135 [INFO] ThirdParty:1030 - CMSIS Pack Vendor :STMicroelectronics FP-ATR-SIGFOX1 3.2.0
2024-03-16 11:29:51,135 [INFO] ThirdParty:1030 - CMSIS Pack Vendor :STMicroelectronics X-CUBE-AZRTOS-G4 1.0.0
2024-03-16 11:29:51,135 [INFO] ThirdParty:1030 - CMSIS Pack Vendor :STMicroelectronics X-CUBE-AZRTOS-L4 1.0.0
2024-03-16 11:29:51,135 [INFO] ThirdParty:1030 - CMSIS Pack Vendor :STMicroelectronics X-CUBE-ISPU 2.0.0
2024-03-16 11:29:51,135 [INFO] ThirdParty:1030 - CMSIS Pack Vendor :STMicroelectronics X-CUBE-EEPRMA1 5.1.0
2024-03-16 11:29:51,135 [INFO] ThirdParty:1030 - CMSIS Pack Vendor :STMicroelectronics HAL Drivers 0.0.0
2024-03-16 11:29:51,135 [INFO] ThirdParty:1030 - CMSIS Pack Vendor :STMicroelectronics MBEDTLS 2.16.2
2024-03-16 11:29:51,135 [INFO] ThirdParty:1030 - CMSIS Pack Vendor :STMicroelectronics X-CUBE-MEMS1 10.0.0
2024-03-16 11:29:51,135 [INFO] ThirdParty:1030 - CMSIS Pack Vendor :STMicroelectronics X-CUBE-FREERTOS 1.1.0
2024-03-16 11:29:51,135 [INFO] ThirdParty:1030 - CMSIS Pack Vendor :STMicroelectronics X-CUBE-TOUCHGFX 4.22.0
2024-03-16 11:29:51,135 [INFO] ThirdParty:1030 - CMSIS Pack Vendor :STMicroelectronics X-CUBE-NFC7 1.0.1
2024-03-16 11:29:51,135 [INFO] ThirdParty:1030 - CMSIS Pack Vendor :STMicroelectronics MBEDTLS 2.14.1
2024-03-16 11:29:51,135 [INFO] ThirdParty:1030 - CMSIS Pack Vendor :STMicroelectronics X-CUBE-NFC7 1.0.0
2024-03-16 11:29:51,135 [INFO] ThirdParty:1030 - CMSIS Pack Vendor :STMicroelectronics X-CUBE-TOUCHGFX 4.22.1
2024-03-16 11:29:51,135 [INFO] ThirdParty:1030 - CMSIS Pack Vendor :STMicroelectronics X-CUBE-AZRTOS-WL 1.0.0
2024-03-16 11:29:51,135 [INFO] ThirdParty:1030 - CMSIS Pack Vendor :STMicroelectronics X-CUBE-NFC6 3.0.0
2024-03-16 11:29:51,135 [INFO] ThirdParty:1030 - CMSIS Pack Vendor :STMicroelectronics X-CUBE-EEPRMA1 4.1.0
2024-03-16 11:29:51,135 [INFO] ThirdParty:1030 - CMSIS Pack Vendor :portGmbH I-Cube-SoM-uGOAL 1.1.0
2024-03-16 11:29:51,136 [INFO] ThirdParty:1030 - CMSIS Pack Vendor :STMicroelectronics X-CUBE-ALS 1.0.1
2024-03-16 11:29:51,136 [INFO] ThirdParty:1030 - CMSIS Pack Vendor :STMicroelectronics X-CUBE-MEMS1 9.5.0
2024-03-16 11:29:51,136 [INFO] ThirdParty:1030 - CMSIS Pack Vendor :STMicroelectronics X-CUBE-BLEMGR 3.1.0
2024-03-16 11:29:51,136 [INFO] ThirdParty:1030 - CMSIS Pack Vendor :STMicroelectronics ThreadX 1.0.0
2024-03-16 11:29:51,136 [INFO] ThirdParty:1030 - CMSIS Pack Vendor :STMicroelectronics FP-SNS-SMARTAG2 1.2.0
2024-03-16 11:29:51,136 [INFO] ThirdParty:1030 - CMSIS Pack Vendor :STMicroelectronics X-CUBE-AZRTOS-WB 1.1.0
2024-03-16 11:29:51,136 [INFO] ThirdParty:1030 - CMSIS Pack Vendor :STMicroelectronics X-CUBE-AZRTOS-WL 2.0.0
2024-03-16 11:29:51,136 [INFO] ThirdParty:1030 - CMSIS Pack Vendor :SEGGER I-CUBE-embOS 1.3.1
2024-03-16 11:29:51,136 [INFO] ThirdParty:1030 - CMSIS Pack Vendor :STMicroelectronics USB_DEVICE 1.0.0
2024-03-16 11:29:51,136 [INFO] ThirdParty:1030 - CMSIS Pack Vendor :STMicroelectronics X-CUBE-AI 8.1.0
2024-03-16 11:29:51,136 [INFO] ThirdParty:1030 - CMSIS Pack Vendor :STMicroelectronics X-CUBE-AZRTOS-L4 2.0.0
2024-03-16 11:29:51,136 [INFO] ThirdParty:1030 - CMSIS Pack Vendor :STMicroelectronics ThreadX 0.0.2
2024-03-16 11:29:51,136 [INFO] ThirdParty:1030 - CMSIS Pack Vendor :WES I-CUBE-Cesium 1.3.0
2024-03-16 11:29:51,136 [INFO] ThirdParty:1030 - CMSIS Pack Vendor :STMicroelectronics FP-ATR-ASTRA1 2.0.0
2024-03-16 11:29:51,136 [INFO] ThirdParty:1030 - CMSIS Pack Vendor :STMicroelectronics lwIP 2.1.2
2024-03-16 11:29:51,136 [INFO] ThirdParty:1030 - CMSIS Pack Vendor :STMicroelectronics X-CUBE-SFXS2LP1 4.0.0
2024-03-16 11:29:51,136 [INFO] ThirdParty:1030 - CMSIS Pack Vendor :STMicroelectronics X-CUBE-BLE2 3.3.0
2024-03-16 11:29:51,136 [INFO] ThirdParty:1030 - CMSIS Pack Vendor :STMicroelectronics X-CUBE-TOF1 3.4.0
2024-03-16 11:29:51,136 [INFO] ThirdParty:1030 - CMSIS Pack Vendor :STMicroelectronics X-CUBE-TOF1 3.4.1
2024-03-16 11:29:51,136 [INFO] ThirdParty:1030 - CMSIS Pack Vendor :STMicroelectronics X-CUBE-AZRTOS-H7 3.2.0
2024-03-16 11:29:51,136 [INFO] ThirdParty:1030 - CMSIS Pack Vendor :STMicroelectronics PDM2PCM 3.2.0
2024-03-16 11:29:51,136 [INFO] ThirdParty:841 - exiting critical section [change project]
2024-03-16 11:29:51,255 [INFO] PinOutPanel:1499 - setPackage(No Configuration,No Configuration)
2024-03-16 11:29:51,256 [INFO] PinOutPanel:1499 - setPackage(STM32G031F6Px,TSSOP20)
2024-03-16 11:29:51,491 [INFO] UtilMem:75 - Before build in PCC Used Memory: 280062664 Bytes (601882624)
2024-03-16 11:29:52,122 [INFO] UtilMem:75 - After build in PCC Used Memory: 260724728 Bytes (601882624)
2024-03-16 11:29:52,155 [INFO] IPUIPlugin:80 - create IPUIPlugin
2024-03-16 11:29:52,156 [INFO] IPUIPlugin:80 - create IPUIPlugin
2024-03-16 11:29:52,156 [INFO] IPUIPlugin:80 - create IPUIPlugin
2024-03-16 11:29:52,156 [INFO] IPUIPlugin:80 - create IPUIPlugin
2024-03-16 11:29:52,156 [INFO] IPUIPlugin:80 - create IPUIPlugin
2024-03-16 11:29:52,156 [INFO] IPUIPlugin:80 - create IPUIPlugin
2024-03-16 11:29:52,156 [INFO] IPUIPlugin:80 - create IPUIPlugin
2024-03-16 11:29:52,156 [INFO] IPUIPlugin:80 - create IPUIPlugin
2024-03-16 11:29:52,156 [INFO] IPUIPlugin:80 - create IPUIPlugin
2024-03-16 11:29:52,157 [INFO] IPUIPlugin:80 - create IPUIPlugin
2024-03-16 11:29:52,157 [INFO] IPUIPlugin:80 - create IPUIPlugin
2024-03-16 11:29:52,157 [INFO] IPUIPlugin:80 - create IPUIPlugin
2024-03-16 11:29:52,157 [INFO] IPUIPlugin:80 - create IPUIPlugin
2024-03-16 11:29:52,157 [INFO] IPUIPlugin:80 - create IPUIPlugin
2024-03-16 11:29:52,157 [INFO] IPUIPlugin:80 - create IPUIPlugin
2024-03-16 11:29:52,157 [INFO] IPUIPlugin:80 - create IPUIPlugin
2024-03-16 11:29:52,157 [INFO] IPUIPlugin:80 - create IPUIPlugin
2024-03-16 11:29:52,157 [INFO] IPUIPlugin:80 - create IPUIPlugin
2024-03-16 11:29:52,157 [INFO] IPUIPlugin:80 - create IPUIPlugin
2024-03-16 11:29:52,158 [INFO] IPUIPlugin:80 - create IPUIPlugin
2024-03-16 11:29:52,158 [INFO] IPUIPlugin:80 - create IPUIPlugin
2024-03-16 11:29:52,158 [INFO] IPUIPlugin:80 - create IPUIPlugin
2024-03-16 11:29:52,158 [INFO] IPUIPlugin:80 - create IPUIPlugin
2024-03-16 11:29:52,158 [INFO] IPUIPlugin:80 - create IPUIPlugin
2024-03-16 11:29:52,158 [INFO] IPUIPlugin:80 - create IPUIPlugin
2024-03-16 11:29:52,158 [INFO] IPUIPlugin:80 - create IPUIPlugin
2024-03-16 11:29:52,158 [INFO] IPUIPlugin:80 - create IPUIPlugin
2024-03-16 11:29:52,159 [INFO] IPUIPlugin:80 - create IPUIPlugin
2024-03-16 11:29:52,159 [INFO] IPUIPlugin:80 - create IPUIPlugin
2024-03-16 11:29:52,159 [INFO] IPUIPlugin:80 - create IPUIPlugin
2024-03-16 11:29:52,294 [INFO] CADModel:165 - CPN selected for project levelSTM32G031F6P6
2024-03-16 11:29:52,294 [INFO] CADModel:114 - Register for checkConnection events
2024-03-16 11:29:52,331 [INFO] OpenFileManager:343 - Restore cursor
2024-03-16 11:55:43,418 [ERROR] LogOutputStream:75 - [STDERR_REDIRECT] 
2024-03-16 11:55:48,605 [INFO] Activator:176 - 


2024-03-16 11:55:48,607 [INFO] Activator:177 - !SESSION log4j initialized
2024-03-16 11:55:51,894 [INFO] LogOutputStream:77 - [STDOUT_REDIRECT] 
2024-03-16 11:55:52,248 [INFO] ApplicationProperties:184 - Using Application install path: /opt/st/stm32cubeide_1.13.1/plugins/com.st.stm32cube.common.mx_6.10.0.202311202037
2024-03-16 11:55:52,264 [INFO] DbMcusXml:78 - Set database path to: /opt/st/stm32cubeide_1.13.1/plugins/com.st.stm32cube.common.mx_6.10.0.202311202037//db//mcu/
2024-03-16 11:55:52,264 [INFO] ApiDb:274 - Set plugin database path to: /opt/st/stm32cubeide_1.13.1/plugins/com.st.stm32cube.common.mx_6.10.0.202311202037//db//plugins/boardmanager/
2024-03-16 11:55:52,264 [WARN] ApiDb:259 - Overriding images path with different value:  => /opt/st/stm32cubeide_1.13.1/plugins/com.st.stm32cube.common.mx_6.10.0.202311202037//db//plugins/mcufinder/images/
2024-03-16 11:55:52,267 [INFO] ApiDb:250 - Set database path to: /home/viktor/.stmcufinder/plugins/mcufinder//mcu/
2024-03-16 11:55:52,268 [INFO] DbMcusAds:125 - Set database path to: /home/viktor/.stmcufinder/plugins/mcufinder//mcu/
2024-03-16 11:55:52,270 [INFO] CrossReferenceDbSqlite:203 - Set database path to: /home/viktor/.stmcufinder/plugins/mcufinder//mcu/cs/
2024-03-16 11:55:52,377 [INFO] RulesReader:64 - Compatibility file has been processed (297 Rules)
2024-03-16 11:55:52,431 [INFO] DbMcusXml:78 - Set database path to: /opt/st/stm32cubeide_1.13.1/plugins/com.st.stm32cube.common.mx_6.10.0.202311202037//db//mcu/
2024-03-16 11:55:52,431 [INFO] ApiDb:274 - Set plugin database path to: /opt/st/stm32cubeide_1.13.1/plugins/com.st.stm32cube.common.mx_6.10.0.202311202037//db//plugins/boardmanager/
2024-03-16 11:55:52,431 [INFO] ApiDb:261 - Set plugin images path to: /opt/st/stm32cubeide_1.13.1/plugins/com.st.stm32cube.common.mx_6.10.0.202311202037//db//plugins/mcufinder/images/
2024-03-16 11:55:52,431 [WARN] DbFile:41 - Overriding database path with different value: /home/viktor/.stmcufinder/plugins/mcufinder/ => /home/viktor/.stmcufinder/plugins/mcufinder
2024-03-16 11:55:52,431 [INFO] ApiDb:250 - Set database path to: /home/viktor/.stmcufinder/plugins/mcufinder//mcu/
2024-03-16 11:55:52,431 [WARN] DbFile:41 - Overriding database path with different value: /home/viktor/.stmcufinder/plugins/mcufinder/ => /home/viktor/.stmcufinder/plugins/mcufinder
2024-03-16 11:55:52,431 [INFO] DbMcusAds:125 - Set database path to: /home/viktor/.stmcufinder/plugins/mcufinder//mcu/
2024-03-16 11:55:52,431 [WARN] DbFile:41 - Overriding database path with different value: /home/viktor/.stmcufinder/plugins/mcufinder/ => /home/viktor/.stmcufinder/plugins/mcufinder
2024-03-16 11:55:52,432 [WARN] DbFile:41 - Overriding database path with different value: /home/viktor/.stmcufinder/plugins/mcufinder/ => /home/viktor/.stmcufinder/plugins/mcufinder
2024-03-16 11:55:52,432 [INFO] CrossReferenceDbSqlite:203 - Set database path to: /home/viktor/.stmcufinder/plugins/mcufinder//mcu/cs/
2024-03-16 11:55:52,488 [INFO] MainPanel:264 - HeapMemory: 268435456
2024-03-16 11:55:52,564 [INFO] DbMcusXml:78 - Set database path to: /opt/st/stm32cubeide_1.13.1/plugins/com.st.stm32cube.common.mx_6.10.0.202311202037//db//mcu/
2024-03-16 11:55:52,564 [INFO] ApiDb:274 - Set plugin database path to: /opt/st/stm32cubeide_1.13.1/plugins/com.st.stm32cube.common.mx_6.10.0.202311202037//db//plugins/boardmanager/
2024-03-16 11:55:52,564 [INFO] ApiDb:261 - Set plugin images path to: /opt/st/stm32cubeide_1.13.1/plugins/com.st.stm32cube.common.mx_6.10.0.202311202037//db//plugins/mcufinder/images/
2024-03-16 11:55:52,564 [WARN] DbFile:41 - Overriding database path with different value: /home/viktor/.stmcufinder/plugins/mcufinder/ => /home/viktor/.stmcufinder/plugins/mcufinder
2024-03-16 11:55:52,564 [INFO] ApiDb:250 - Set database path to: /home/viktor/.stmcufinder/plugins/mcufinder//mcu/
2024-03-16 11:55:52,564 [WARN] DbFile:41 - Overriding database path with different value: /home/viktor/.stmcufinder/plugins/mcufinder/ => /home/viktor/.stmcufinder/plugins/mcufinder
2024-03-16 11:55:52,564 [INFO] DbMcusAds:125 - Set database path to: /home/viktor/.stmcufinder/plugins/mcufinder//mcu/
2024-03-16 11:55:52,565 [WARN] DbFile:41 - Overriding database path with different value: /home/viktor/.stmcufinder/plugins/mcufinder/ => /home/viktor/.stmcufinder/plugins/mcufinder
2024-03-16 11:55:52,565 [WARN] DbFile:41 - Overriding database path with different value: /home/viktor/.stmcufinder/plugins/mcufinder/ => /home/viktor/.stmcufinder/plugins/mcufinder
2024-03-16 11:55:52,565 [INFO] CrossReferenceDbSqlite:203 - Set database path to: /home/viktor/.stmcufinder/plugins/mcufinder//mcu/cs/
2024-03-16 11:55:52,579 [INFO] ApplicationProperties:184 - Using Application install path: /opt/st/stm32cubeide_1.13.1/plugins/com.st.stm32cube.common.mx_6.10.0.202311202037
2024-03-16 11:55:52,581 [INFO] PluginManage:196 - Search for loadable plugins [exclusion list=, ]
2024-03-16 11:55:52,582 [INFO] PluginManage:310 - Check plugin analytics
2024-03-16 11:55:52,717 [INFO] AnalyticsPlugin:253 - Accepted Software Licenses: STM32CubeMX.6.5.0,STM32CubeMX.6.6.0,STM32CubeMX.6.6.1,STM32CubeMX.6.7.0,STM32CubeMX.6.8.1,STM32CubeMX.6.9.0,STM32CubeMX.6.10.0
2024-03-16 11:55:52,717 [INFO] AnalyticsPlugin:255 - Accepted CMSIS Pack Licenses: STMicroelectronics.X-CUBE-ALGOBUILD.1.3.0,STMicroelectronics.X-CUBE-SMBUS.2.1.0,STMicroelectronics.X-CUBE-AZRTOS-G4.2.0.0,portGmbH.I-Cube-SoM-uGOAL.1.1.0
2024-03-16 11:55:52,718 [INFO] AnalyticsPlugin:257 - Accepted Firmware Licenses: FW.F4.1.27.0,FW.G0.1.6.0,FW.F4.1.28.0,FW.G4.1.5.0
2024-03-16 11:55:52,720 [INFO] PluginManage:359 - Loaded plugin analytics (category:tool,tabindex:-1)
2024-03-16 11:55:52,720 [INFO] PluginManage:310 - Check plugin cadmodel
2024-03-16 11:55:52,723 [INFO] CADModel:105 - Init CAD model plugin
2024-03-16 11:55:52,723 [INFO] PluginManage:359 - Loaded plugin cadmodel (category:power,tabindex:5)
2024-03-16 11:55:52,723 [INFO] PluginManage:310 - Check plugin clock
2024-03-16 11:55:52,729 [INFO] PluginManage:359 - Loaded plugin clock (category:base,tabindex:2)
2024-03-16 11:55:52,729 [INFO] PluginManage:310 - Check plugin ddr
2024-03-16 11:55:52,731 [INFO] PluginManage:359 - Loaded plugin ddr (category:tool,tabindex:6)
2024-03-16 11:55:52,731 [INFO] PluginManage:310 - Check plugin filemanager
2024-03-16 11:55:52,836 [INFO] PluginManage:359 - Loaded plugin filemanager (category:base,tabindex:10)
2024-03-16 11:55:52,836 [INFO] PluginManage:310 - Check plugin ipmanager
2024-03-16 11:55:52,840 [INFO] PluginManage:359 - Loaded plugin ipmanager (category:base,tabindex:5)
2024-03-16 11:55:52,840 [INFO] PluginManage:310 - Check plugin lpbam
2024-03-16 11:55:52,847 [INFO] PluginManage:359 - Loaded plugin lpbam (category:base,tabindex:0)
2024-03-16 11:55:52,847 [INFO] PluginManage:310 - Check plugin memorymap
2024-03-16 11:55:52,855 [INFO] PluginManage:359 - Loaded plugin memorymap (category:base,tabindex:4)
2024-03-16 11:55:52,856 [INFO] PluginManage:310 - Check plugin pinoutandconfiguration
2024-03-16 11:55:52,860 [INFO] PluginManage:359 - Loaded plugin pinoutandconfiguration (category:base,tabindex:1)
2024-03-16 11:55:52,861 [INFO] PluginManage:310 - Check plugin pinoutconfig
2024-03-16 11:55:52,921 [WARN] SupportedApi:132 - Cannot load RTOS API schema: s4s-elt-must-match.1: The content of 'definitions' must match (annotation?, (simpleType | complexType)?, (unique | key | keyref)*)). A problem was found starting at: attribute.
2024-03-16 11:55:53,026 [INFO] PluginManage:359 - Loaded plugin pinoutconfig (category:base,tabindex:0)
2024-03-16 11:55:53,026 [INFO] PluginManage:310 - Check plugin power
2024-03-16 11:55:53,033 [INFO] PluginManage:359 - Loaded plugin power (category:power,tabindex:4)
2024-03-16 11:55:53,033 [INFO] PluginManage:310 - Check plugin projectmanager
2024-03-16 11:55:53,046 [INFO] PluginManage:359 - Loaded plugin projectmanager (category:projectmanager,tabindex:3)
2024-03-16 11:55:53,046 [INFO] PluginManage:310 - Check plugin thirdparty
2024-03-16 11:55:53,134 [INFO] PluginManage:359 - Loaded plugin thirdparty (category:base,tabindex:-1)
2024-03-16 11:55:53,134 [WARN] IntegrityCheckThread:84 - waiting for thirdparty lock release [integrity check]
2024-03-16 11:55:53,134 [INFO] PluginManage:310 - Check plugin tools
2024-03-16 11:55:53,134 [INFO] IntegrityCheckThread:86 - entering critical section [integrity check]
2024-03-16 11:55:53,135 [INFO] ThirdPartyUpdaterWithRetryManager:70 - Updater plugin not ready yet. [1/15]
2024-03-16 11:55:53,136 [INFO] PluginManage:359 - Loaded plugin tools (category:base,tabindex:7)
2024-03-16 11:55:53,136 [INFO] PluginManage:310 - Check plugin tutovideos
2024-03-16 11:55:53,248 [INFO] PluginManage:359 - Loaded plugin tutovideos (category:base,tabindex:-1)
2024-03-16 11:55:53,248 [INFO] PluginManage:310 - Check plugin updater
2024-03-16 11:55:53,255 [INFO] PluginManage:359 - Loaded plugin updater (category:base,tabindex:12)
2024-03-16 11:55:53,255 [INFO] PluginManage:310 - Check plugin userauth
2024-03-16 11:55:53,260 [INFO] UserAuth:114 - Init User Auth plugin
2024-03-16 11:55:53,260 [INFO] PluginManage:359 - Loaded plugin userauth (category:base,tabindex:14)
2024-03-16 11:55:53,260 [INFO] PluginManage:283 - PluginManage : Loaded plugins [17]
2024-03-16 11:55:53,380 [INFO] PinOutPanel:1499 - setPackage(No Configuration,No Configuration)
2024-03-16 11:55:53,417 [INFO] CADModel:165 - CPN selected for project level
2024-03-16 11:55:53,417 [INFO] CADModel:114 - Register for checkConnection events
2024-03-16 11:55:53,424 [INFO] IPUIPlugin:80 - create IPUIPlugin
2024-03-16 11:55:53,426 [INFO] PluginManager:220 - loadIPPluginJar : add plateformsettings
2024-03-16 11:55:53,430 [INFO] IPUIPlugin:80 - create IPUIPlugin
2024-03-16 11:55:53,430 [INFO] PluginManager:220 - loadIPPluginJar : add opamp
2024-03-16 11:55:53,431 [INFO] IPUIPlugin:80 - create IPUIPlugin
2024-03-16 11:55:53,431 [INFO] PluginManager:220 - loadIPPluginJar : add spi
2024-03-16 11:55:53,433 [INFO] IPUIPlugin:80 - create IPUIPlugin
2024-03-16 11:55:53,433 [INFO] PluginManager:220 - loadIPPluginJar : add sai
2024-03-16 11:55:53,433 [INFO] IPUIPlugin:80 - create IPUIPlugin
2024-03-16 11:55:53,433 [INFO] PluginManager:220 - loadIPPluginJar : add tsc
2024-03-16 11:55:53,435 [INFO] IPUIPlugin:80 - create IPUIPlugin
2024-03-16 11:55:53,435 [INFO] PluginManager:220 - loadIPPluginJar : add i3c
2024-03-16 11:55:53,437 [INFO] IPUIPlugin:80 - create IPUIPlugin
2024-03-16 11:55:53,437 [INFO] PluginManager:220 - loadIPPluginJar : add freertos
2024-03-16 11:55:53,440 [INFO] IPUIPlugin:80 - create IPUIPlugin
2024-03-16 11:55:53,440 [INFO] PluginManager:220 - loadIPPluginJar : add fmc
2024-03-16 11:55:53,441 [INFO] IPUIPlugin:80 - create IPUIPlugin
2024-03-16 11:55:53,441 [INFO] PluginManager:220 - loadIPPluginJar : add cryp
2024-03-16 11:55:53,442 [INFO] IPUIPlugin:80 - create IPUIPlugin
2024-03-16 11:55:53,442 [INFO] PluginManager:220 - loadIPPluginJar : add touchsensing
2024-03-16 11:55:53,443 [INFO] IPUIPlugin:80 - create IPUIPlugin
2024-03-16 11:55:53,443 [INFO] PluginManager:220 - loadIPPluginJar : add i2c
2024-03-16 11:55:53,453 [INFO] IPUIPlugin:80 - create IPUIPlugin
2024-03-16 11:55:53,453 [INFO] PluginManager:220 - loadIPPluginJar : add gpio
2024-03-16 11:55:53,458 [INFO] IPUIPlugin:80 - create IPUIPlugin
2024-03-16 11:55:53,458 [INFO] PluginManager:220 - loadIPPluginJar : add linkedlist
2024-03-16 11:55:53,459 [INFO] IPUIPlugin:80 - create IPUIPlugin
2024-03-16 11:55:53,459 [INFO] PluginManager:220 - loadIPPluginJar : add ucpd
2024-03-16 11:55:53,463 [INFO] IPUIPlugin:80 - create IPUIPlugin
2024-03-16 11:55:53,463 [INFO] PluginManager:220 - loadIPPluginJar : add dma
2024-03-16 11:55:53,464 [INFO] IPUIPlugin:80 - create IPUIPlugin
2024-03-16 11:55:53,464 [INFO] PluginManager:220 - loadIPPluginJar : add dma3
2024-03-16 11:55:53,465 [INFO] IPUIPlugin:80 - create IPUIPlugin
2024-03-16 11:55:53,465 [INFO] PluginManager:220 - loadIPPluginJar : add lorawan
2024-03-16 11:55:53,466 [INFO] IPUIPlugin:80 - create IPUIPlugin
2024-03-16 11:55:53,466 [INFO] PluginManager:220 - loadIPPluginJar : add fatfs
2024-03-16 11:55:53,468 [INFO] IPUIPlugin:80 - create IPUIPlugin
2024-03-16 11:55:53,468 [INFO] PluginManager:220 - loadIPPluginJar : add ipddr
2024-03-16 11:55:53,468 [INFO] IPUIPlugin:80 - create IPUIPlugin
2024-03-16 11:55:53,468 [INFO] PluginManager:220 - loadIPPluginJar : add genericplugin
2024-03-16 11:55:53,469 [INFO] IPUIPlugin:80 - create IPUIPlugin
2024-03-16 11:55:53,470 [INFO] PluginManager:220 - loadIPPluginJar : add i2s
2024-03-16 11:55:53,471 [INFO] IPUIPlugin:80 - create IPUIPlugin
2024-03-16 11:55:53,471 [INFO] PluginManager:220 - loadIPPluginJar : add usart
2024-03-16 11:55:53,471 [INFO] IPUIPlugin:80 - create IPUIPlugin
2024-03-16 11:55:53,471 [INFO] PluginManager:220 - loadIPPluginJar : add comp
2024-03-16 11:55:53,472 [INFO] IPUIPlugin:80 - create IPUIPlugin
2024-03-16 11:55:53,472 [INFO] PluginManager:220 - loadIPPluginJar : add tracer_emb
2024-03-16 11:55:53,473 [INFO] IPUIPlugin:80 - create IPUIPlugin
2024-03-16 11:55:53,474 [INFO] PluginManager:220 - loadIPPluginJar : add can
2024-03-16 11:55:53,475 [INFO] IPUIPlugin:80 - create IPUIPlugin
2024-03-16 11:55:53,475 [INFO] PluginManager:220 - loadIPPluginJar : add openamp
2024-03-16 11:55:53,478 [INFO] IPUIPlugin:80 - create IPUIPlugin
2024-03-16 11:55:53,478 [INFO] PluginManager:220 - loadIPPluginJar : add gic
2024-03-16 11:55:53,480 [INFO] IPUIPlugin:80 - create IPUIPlugin
2024-03-16 11:55:53,480 [INFO] PluginManager:220 - loadIPPluginJar : add nvic
2024-03-16 11:55:53,483 [INFO] IPUIPlugin:80 - create IPUIPlugin
2024-03-16 11:55:53,483 [INFO] PluginManager:220 - loadIPPluginJar : add adc
2024-03-16 11:55:53,485 [INFO] IPUIPlugin:80 - create IPUIPlugin
2024-03-16 11:55:53,485 [INFO] PluginManager:220 - loadIPPluginJar : add pdm2pcm
2024-03-16 11:55:53,486 [INFO] IPUIPlugin:80 - create IPUIPlugin
2024-03-16 11:55:53,486 [INFO] PluginManager:220 - loadIPPluginJar : add dfsdm
2024-03-16 11:55:53,486 [INFO] IPUIPlugin:80 - create IPUIPlugin
2024-03-16 11:55:53,494 [INFO] PluginManager:220 - loadIPPluginJar : add ltdc
2024-03-16 11:55:53,496 [INFO] IPUIPlugin:80 - create IPUIPlugin
2024-03-16 11:55:53,496 [INFO] PluginManager:220 - loadIPPluginJar : add aes
2024-03-16 11:55:53,497 [INFO] IPUIPlugin:80 - create IPUIPlugin
2024-03-16 11:55:53,497 [INFO] PluginManager:220 - loadIPPluginJar : add hash
2024-03-16 11:55:53,500 [INFO] IPUIPlugin:80 - create IPUIPlugin
2024-03-16 11:55:53,500 [INFO] PluginManager:220 - loadIPPluginJar : add stm32_wpan
2024-03-16 11:55:53,504 [INFO] IPUIPlugin:80 - create IPUIPlugin
2024-03-16 11:55:53,504 [INFO] PluginManager:220 - loadIPPluginJar : add mdma
2024-03-16 11:55:53,505 [INFO] IPUIPlugin:80 - create IPUIPlugin
2024-03-16 11:55:53,505 [INFO] PluginManager:220 - loadIPPluginJar : add tim
2024-03-16 11:55:53,506 [INFO] IPUIPlugin:80 - create IPUIPlugin
2024-03-16 11:55:53,506 [INFO] PluginManager:220 - loadIPPluginJar : add gfxmmu
2024-03-16 11:55:53,507 [INFO] IPUIPlugin:80 - create IPUIPlugin
2024-03-16 11:55:53,507 [INFO] PluginManager:220 - loadIPPluginJar : add gtzc
2024-03-16 11:55:53,508 [INFO] IPUIPlugin:80 - create IPUIPlugin
2024-03-16 11:55:53,508 [INFO] PluginManager:220 - loadIPPluginJar : add quadspi
2024-03-16 11:55:53,509 [INFO] IPUIPlugin:80 - create IPUIPlugin
2024-03-16 11:55:53,509 [INFO] PluginManager:220 - loadIPPluginJar : add ts
2024-03-16 11:55:53,511 [INFO] IPUIPlugin:80 - create IPUIPlugin
2024-03-16 11:55:53,511 [INFO] PluginManager:220 - loadIPPluginJar : add resmgrutility
2024-03-16 11:55:53,512 [INFO] IPUIPlugin:80 - create IPUIPlugin
2024-03-16 11:55:53,512 [INFO] PluginManager:220 - loadIPPluginJar : add usbx
2024-03-16 11:55:53,612 [INFO] CADModel:165 - CPN selected for project level
2024-03-16 11:55:53,612 [INFO] CADModel:114 - Register for checkConnection events
2024-03-16 11:55:53,612 [FATAL] Updater:308 - Updater called before beeing initialized
2024-03-16 11:55:53,612 [ERROR] CADModel:125 - Updater not yet initialized, retry later 
2024-03-16 11:55:53,692 [INFO] CADModel:165 - CPN selected for project level
2024-03-16 11:55:53,692 [INFO] CADModel:114 - Register for checkConnection events
2024-03-16 11:55:53,692 [FATAL] Updater:308 - Updater called before beeing initialized
2024-03-16 11:55:53,692 [ERROR] CADModel:125 - Updater not yet initialized, retry later 
2024-03-16 11:55:53,694 [FATAL] Updater:308 - Updater called before beeing initialized
2024-03-16 11:55:53,740 [FATAL] Updater:308 - Updater called before beeing initialized
2024-03-16 11:55:53,743 [INFO] DbMcusAds:53 - JSON generation date=Wed Nov 29 13:52:27 EAT 2023 (1701255147349)
2024-03-16 11:55:53,743 [FATAL] Updater:308 - Updater called before beeing initialized
2024-03-16 11:55:53,765 [WARN] DetailPanel:346 - Failed to get advertising image, set to default
2024-03-16 11:55:53,848 [FATAL] Updater:308 - Updater called before beeing initialized
2024-03-16 11:55:53,849 [FATAL] Updater:308 - Updater called before beeing initialized
2024-03-16 11:55:53,849 [FATAL] Updater:308 - Updater called before beeing initialized
2024-03-16 11:55:53,849 [WARN] DetailPanel:346 - Failed to get advertising image, set to default
2024-03-16 11:55:53,850 [FATAL] Updater:308 - Updater called before beeing initialized
2024-03-16 11:55:53,870 [ERROR] Updater:1120 - MainUpdater not yet initialized. External WinMGr cannot be set.
2024-03-16 11:55:53,871 [INFO] Updater:1056 - Updater Version found : 6.10.0
2024-03-16 11:55:53,882 [INFO] ApplicationProperties:184 - Using Application install path: /opt/st/stm32cubeide_1.13.1/plugins/com.st.stm32cube.common.mx_6.10.0.202311202037
2024-03-16 11:55:54,088 [INFO] MainUpdater:2873 - connection check result : 10
2024-03-16 11:55:54,089 [INFO] MainUpdater:290 - Updater Check For Update Now.
2024-03-16 11:55:54,089 [INFO] MicroXplorer:498 - Change Database Version : DB.6.0.100
2024-03-16 11:55:54,093 [INFO] McuFinderGlobals:63 - Set McuFinder mode to 2 (CubeIDE integrated)
2024-03-16 11:55:54,247 [INFO] CheckServerUpdateThread:120 - End of CheckServer Thread
2024-03-16 11:55:54,763 [INFO] UserAuth:404 - Internet connection configuration mode: 1
2024-03-16 11:55:54,771 [INFO] JxBrowserEngine:152 - Initiate JxBrowser Engine with user profile folder
2024-03-16 11:55:55,200 [INFO] WebApp:161 - Instantiating new browser for Auth
2024-03-16 11:55:55,541 [INFO] WebApp:780 - Register for checkConnection events
2024-03-16 11:55:55,541 [INFO] WebApp:414 - Apply proxy settings
2024-03-16 11:55:55,541 [INFO] WebApp:499 - Chromium requires no authentication
2024-03-16 11:55:55,546 [INFO] WebApp:442 - Direct internet connection detected
2024-03-16 11:55:55,648 [INFO] WebApp:192 - Starting web application
2024-03-16 11:55:55,648 [INFO] WebApp:544 - Web application path used /opt/st/stm32cubeide_1.13.1/plugins/com.st.stm32cube.common.mx_6.10.0.202311202037/db/plugins/mcufinder/reactClient1/index.html
2024-03-16 11:55:55,826 [ERROR] LogOutputStream:75 - [STDERR_REDIRECT] Mar 16, 2024 11:55:55 AM org.glassfish.grizzly.http.server.NetworkListener start
2024-03-16 11:55:55,826 [ERROR] LogOutputStream:75 - [STDERR_REDIRECT] INFO: Started listener bound to [localhost:1595]
2024-03-16 11:55:55,827 [ERROR] LogOutputStream:75 - [STDERR_REDIRECT] 
2024-03-16 11:55:55,827 [ERROR] LogOutputStream:75 - [STDERR_REDIRECT] Mar 16, 2024 11:55:55 AM org.glassfish.grizzly.http.server.HttpServer start
2024-03-16 11:55:55,827 [ERROR] LogOutputStream:75 - [STDERR_REDIRECT] INFO: [HttpServer] Started.
2024-03-16 11:55:55,827 [ERROR] LogOutputStream:75 - [STDERR_REDIRECT] 
2024-03-16 11:55:56,194 [WARN] PackLoader:240 - Cannot read IP mode file for STMicroelectronics.X-CUBE-SMBUS.2.1.0
2024-03-16 11:55:56,250 [WARN] PackLoader:240 - Cannot read IP mode file for STMicroelectronics.X-CUBE-TOUCHGFX.4.23.0
2024-03-16 11:55:56,273 [WARN] PackLoader:240 - Cannot read IP mode file for STMicroelectronics.X-CUBE-AZRTOS-F7.1.1.0
2024-03-16 11:55:56,280 [ERROR] RealEvaluatedCondition:428 - Found unsupported composite condition: GROUP='STM32_MetaDataManager' CLASS='Data Exchange'
2024-03-16 11:55:56,280 [ERROR] RealEvaluatedCondition:428 - Found unsupported composite condition: CLASS='Data Exchange' GROUP='STM32_MetaDataManager'
2024-03-16 11:55:56,285 [WARN] PackLoader:240 - Cannot read IP mode file for STMicroelectronics.FP-SNS-MOTENV1.4.3.0
2024-03-16 11:55:56,292 [WARN] PackLoader:240 - Cannot read IP mode file for STMicroelectronics.FP-SNS-MOTENV1.4.3.2
2024-03-16 11:55:56,299 [WARN] PackLoader:240 - Cannot read IP mode file for STMicroelectronics.FP-SNS-FLIGHT1.5.0.0
2024-03-16 11:55:56,302 [ERROR] RealEvaluatedCondition:428 - Found unsupported composite condition: GROUP='STM32_MetaDataManager' CLASS='Data Exchange'
2024-03-16 11:55:56,302 [ERROR] RealEvaluatedCondition:428 - Found unsupported composite condition: GROUP='STM32_MetaDataManager' CLASS='Data Exchange'
2024-03-16 11:55:56,304 [WARN] PackLoader:240 - Cannot read IP mode file for STMicroelectronics.FP-SNS-MOTENV1.4.3.1
2024-03-16 11:55:56,309 [WARN] PackLoader:240 - Cannot read IP mode file for STMicroelectronics.FP-SNS-FLIGHT1.5.0.1
2024-03-16 11:55:56,321 [WARN] PackLoader:240 - Cannot read IP mode file for STMicroelectronics.X-CUBE-BLE1.6.2.4
2024-03-16 11:55:56,325 [WARN] PackLoader:240 - Cannot read IP mode file for STMicroelectronics.FP-SNS-FLIGHT1.5.0.2
2024-03-16 11:55:56,333 [WARN] PackLoader:240 - Cannot read IP mode file for STMicroelectronics.X-CUBE-DISPLAY.3.0.0
2024-03-16 11:55:56,342 [WARN] PackLoader:240 - Cannot read IP mode file for STMicroelectronics.X-CUBE-BLE1.7.0.0
2024-03-16 11:55:56,345 [WARN] PackLoader:240 - Cannot read IP mode file for STMicroelectronics.X-CUBE-TOUCHGFX.4.22.0
2024-03-16 11:55:56,346 [WARN] PackLoader:240 - Cannot read IP mode file for STMicroelectronics.X-CUBE-TOUCHGFX.4.22.1
2024-03-16 11:55:56,354 [WARN] PackLoader:240 - Cannot read IP mode file for STMicroelectronics.X-CUBE-BLEMGR.3.1.0
2024-03-16 11:55:56,363 [WARN] PackLoader:240 - Cannot read IP mode file for STMicroelectronics.FP-SNS-SMARTAG2.1.2.0
2024-03-16 11:55:56,369 [INFO] LogOutputStream:77 - [STDOUT_REDIRECT] 1 : Invalid condition id : UX_CORESTACK_Condition cause : null
2024-03-16 11:55:56,369 [INFO] LogOutputStream:77 - [STDOUT_REDIRECT] 1 : Invalid condition id : UX_CORESTACK_Condition cause : null
2024-03-16 11:55:56,369 [INFO] LogOutputStream:77 - [STDOUT_REDIRECT] 1 : Invalid condition id : UX_CORESTACK_Condition cause : null
2024-03-16 11:55:56,369 [INFO] LogOutputStream:77 - [STDOUT_REDIRECT] 1 : Invalid condition id : UX_CORESTACK_Condition cause : null
2024-03-16 11:55:56,370 [INFO] LogOutputStream:77 - [STDOUT_REDIRECT] 1 : Invalid condition id : UX_CORESTACK_Condition cause : null
2024-03-16 11:55:56,372 [WARN] PackLoader:240 - Cannot read IP mode file for STMicroelectronics.X-CUBE-AZRTOS-WL.2.0.0
2024-03-16 11:55:56,377 [WARN] PackLoader:240 - Cannot read IP mode file for WES.I-CUBE-Cesium.1.3.0
2024-03-16 11:55:56,379 [WARN] PackLoader:240 - Cannot read IP mode file for STMicroelectronics.X-CUBE-BLE2.3.3.0
2024-03-16 11:55:56,381 [WARN] PackLoader:240 - Cannot read IP mode file for STMicroelectronics.X-CUBE-TOUCHGFX.4.21.3
2024-03-16 11:55:56,383 [WARN] PackLoader:240 - Cannot read IP mode file for STMicroelectronics.X-CUBE-TOUCHGFX.4.21.4
2024-03-16 11:55:56,386 [WARN] PackLoader:240 - Cannot read IP mode file for STMicroelectronics.X-CUBE-ALGOBUILD.1.3.0
2024-03-16 11:55:56,428 [WARN] PackLoader:240 - Cannot read IP mode file for STMicroelectronics.X-CUBE-AZRTOS-G0.1.1.0
2024-03-16 11:55:56,432 [WARN] PackLoader:240 - Cannot read IP mode file for STMicroelectronics.X-CUBE-NFC4.3.0.0
2024-03-16 11:55:56,437 [WARN] PackLoader:240 - Cannot read IP mode file for STMicroelectronics.X-CUBE-BLEMGR.3.0.0
2024-03-16 11:55:56,441 [WARN] PackLoader:240 - Cannot read IP mode file for STMicroelectronics.FP-ATR-SIGFOX1.3.2.0
2024-03-16 11:55:56,444 [WARN] PackLoader:240 - Cannot read IP mode file for STMicroelectronics.X-CUBE-EEPRMA1.5.1.0
2024-03-16 11:55:56,471 [WARN] PackLoader:240 - Cannot read IP mode file for STMicroelectronics.X-CUBE-MEMS1.9.5.0
2024-03-16 11:55:56,581 [WARN] PackLoader:240 - Cannot read IP mode file for SEGGER.I-CUBE-embOS.1.3.1
2024-03-16 11:55:56,619 [WARN] PackLoader:240 - Cannot read IP mode file for STMicroelectronics.X-CUBE-GNSS1.6.0.0
2024-03-16 11:55:56,632 [WARN] PackLoader:240 - Cannot read IP mode file for STMicroelectronics.X-CUBE-AZRTOS-F4.1.1.0
2024-03-16 11:55:56,636 [WARN] PackLoader:240 - Cannot read IP mode file for wolfSSL.I-CUBE-wolfSSL.5.6.0
2024-03-16 11:55:56,644 [WARN] PackLoader:240 - Cannot read IP mode file for STMicroelectronics.X-CUBE-AZRTOS-L5.2.0.0
2024-03-16 11:55:56,671 [WARN] PackLoader:240 - Cannot read IP mode file for STMicroelectronics.X-CUBE-MEMS1.9.6.0
2024-03-16 11:55:56,760 [WARN] PackLoader:240 - Cannot read IP mode file for STMicroelectronics.X-CUBE-EEPRMA1.4.2.0
2024-03-16 11:55:56,763 [WARN] PackLoader:240 - Cannot read IP mode file for ITTIA_DB.I-CUBE-ITTIADB.8.8.0
2024-03-16 11:55:56,766 [WARN] PackLoader:240 - Cannot read IP mode file for emotas.I-CUBE-CANOPEN.1.1.3
2024-03-16 11:55:56,770 [WARN] PackLoader:240 - Cannot read IP mode file for STMicroelectronics.X-CUBE-BLEMGR.2.0.0
2024-03-16 11:55:56,781 [WARN] ConditionMgr:438 - getConditionDescription Invalid condition id : UX DEVICE CLASS RTOS Condition cause : null
2024-03-16 11:55:56,781 [WARN] ConditionMgr:438 - getConditionDescription Invalid condition id : UX DEVICE CLASS RTOS Condition cause : null
2024-03-16 11:55:56,783 [WARN] PackLoader:240 - Cannot read IP mode file for STMicroelectronics.X-CUBE-AZRTOS-H7.3.1.0
2024-03-16 11:55:56,784 [WARN] ConditionMgr:1039 - genDependencies : Invalid condition id : UX DEVICE CLASS RTOS Condition cause : null
2024-03-16 11:55:56,784 [WARN] ConditionMgr:1039 - genDependencies : Invalid condition id : UX DEVICE CLASS RTOS Condition cause : null
2024-03-16 11:55:56,784 [WARN] ConditionMgr:1039 - genDependencies : Invalid condition id : UX DEVICE CLASS RTOS Condition cause : null
2024-03-16 11:55:56,784 [WARN] ConditionMgr:1039 - genDependencies : Invalid condition id : UX DEVICE CLASS RTOS Condition cause : null
2024-03-16 11:55:56,785 [WARN] ConditionMgr:1039 - genDependencies : Invalid condition id : UX DEVICE CLASS RTOS Condition cause : null
2024-03-16 11:55:56,789 [WARN] PackLoader:240 - Cannot read IP mode file for STMicroelectronics.X-CUBE-NFC7.1.0.1
2024-03-16 11:55:56,791 [WARN] PackLoader:240 - Cannot read IP mode file for STMicroelectronics.X-CUBE-NFC7.1.0.0
2024-03-16 11:55:56,796 [WARN] PackLoader:240 - Cannot read IP mode file for STMicroelectronics.X-CUBE-NFC6.3.0.0
2024-03-16 11:55:56,801 [WARN] PackLoader:240 - Cannot read IP mode file for STMicroelectronics.X-CUBE-EEPRMA1.4.1.0
2024-03-16 11:55:56,803 [WARN] PackLoader:240 - Cannot read IP mode file for STMicroelectronics.X-CUBE-AI.8.1.0
2024-03-16 11:55:56,812 [WARN] ConditionMgr:438 - getConditionDescription Invalid condition id : LAN8742 Phy interface Condition cause : null
2024-03-16 11:55:56,813 [WARN] PackLoader:240 - Cannot read IP mode file for STMicroelectronics.X-CUBE-AZRTOS-L4.2.0.0
2024-03-16 11:55:56,814 [WARN] ConditionMgr:1039 - genDependencies : Invalid condition id : LAN8742 Phy interface Condition cause : null
2024-03-16 11:55:56,814 [WARN] ConditionMgr:1039 - genDependencies : Invalid condition id : LAN8742 Phy interface Condition cause : null
2024-03-16 11:55:56,815 [WARN] ConditionMgr:1039 - genDependencies : Invalid condition id : LAN8742 Phy interface Condition cause : null
2024-03-16 11:55:56,819 [WARN] PackLoader:240 - Cannot read IP mode file for STMicroelectronics.X-CUBE-SFXS2LP1.4.0.0
2024-03-16 11:55:56,822 [WARN] PackLoader:240 - Cannot read IP mode file for STMicroelectronics.X-CUBE-ISPU.1.1.0
2024-03-16 11:55:56,824 [WARN] PackLoader:240 - Cannot read IP mode file for STMicroelectronics.X-CUBE-AI.8.0.0
2024-03-16 11:55:56,831 [WARN] ConditionMgr:438 - getConditionDescription Invalid condition id : UX DEVICE CLASS RTOS Condition cause : null
2024-03-16 11:55:56,831 [WARN] ConditionMgr:438 - getConditionDescription Invalid condition id : UX DEVICE CLASS RTOS Condition cause : null
2024-03-16 11:55:56,833 [WARN] PackLoader:240 - Cannot read IP mode file for STMicroelectronics.X-CUBE-AZRTOS-WB.2.0.0
2024-03-16 11:55:56,833 [WARN] ConditionMgr:1039 - genDependencies : Invalid condition id : UX DEVICE CLASS RTOS Condition cause : null
2024-03-16 11:55:56,834 [WARN] ConditionMgr:1039 - genDependencies : Invalid condition id : UX DEVICE CLASS RTOS Condition cause : null
2024-03-16 11:55:56,834 [WARN] ConditionMgr:1039 - genDependencies : Invalid condition id : UX DEVICE CLASS RTOS Condition cause : null
2024-03-16 11:55:56,834 [WARN] ConditionMgr:1039 - genDependencies : Invalid condition id : UX DEVICE CLASS RTOS Condition cause : null
2024-03-16 11:55:56,835 [WARN] ConditionMgr:1039 - genDependencies : Invalid condition id : UX DEVICE CLASS RTOS Condition cause : null
2024-03-16 11:55:56,838 [WARN] PackLoader:240 - Cannot read IP mode file for STMicroelectronics.X-CUBE-FREERTOS.1.0.1
2024-03-16 11:55:56,845 [WARN] PackLoader:240 - Cannot read IP mode file for STMicroelectronics.X-CUBE-AZRTOS-L5.1.1.0
2024-03-16 11:55:56,850 [WARN] PackLoader:240 - Cannot read IP mode file for STMicroelectronics.X-CUBE-AI.8.0.1
2024-03-16 11:55:56,856 [WARN] PackLoader:240 - Cannot read IP mode file for STMicroelectronics.X-CUBE-SUBG2.5.0.0
2024-03-16 11:55:56,867 [WARN] PackLoader:240 - Cannot read IP mode file for STMicroelectronics.X-CUBE-TOF1.3.3.1
2024-03-16 11:55:56,883 [WARN] PackLoader:240 - Cannot read IP mode file for STMicroelectronics.X-CUBE-AZRTOS-G4.2.0.0
2024-03-16 11:55:56,983 [WARN] PackLoader:240 - Cannot read IP mode file for STMicroelectronics.X-CUBE-TOF1.3.3.0
2024-03-16 11:55:56,996 [WARN] PackLoader:240 - Cannot read IP mode file for Infineon.AIROC-Wi-Fi-Bluetooth-STM32.1.5.1
2024-03-16 11:55:57,002 [WARN] PackLoader:240 - Cannot read IP mode file for STMicroelectronics.FP-SNS-MOTENVWB1.1.3.1
2024-03-16 11:55:57,008 [WARN] PackLoader:240 - Cannot read IP mode file for STMicroelectronics.X-CUBE-AZRTOS-G4.1.0.0
2024-03-16 11:55:57,018 [WARN] PackLoader:240 - Cannot read IP mode file for STMicroelectronics.X-CUBE-AZRTOS-L4.1.0.0
2024-03-16 11:55:57,021 [WARN] PackLoader:240 - Cannot read IP mode file for STMicroelectronics.X-CUBE-ISPU.2.0.0
2024-03-16 11:55:57,046 [WARN] PackLoader:240 - Cannot read IP mode file for STMicroelectronics.X-CUBE-MEMS1.10.0.0
2024-03-16 11:55:57,121 [WARN] PackLoader:240 - Cannot read IP mode file for STMicroelectronics.X-CUBE-FREERTOS.1.1.0
2024-03-16 11:55:57,126 [WARN] PackLoader:240 - Cannot read IP mode file for STMicroelectronics.X-CUBE-AZRTOS-WL.1.0.0
2024-03-16 11:55:57,129 [WARN] PackLoader:240 - Cannot read IP mode file for portGmbH.I-Cube-SoM-uGOAL.1.1.0
2024-03-16 11:55:57,147 [WARN] PackLoader:240 - Cannot read IP mode file for STMicroelectronics.X-CUBE-ALS.1.0.1
2024-03-16 11:55:57,153 [WARN] PackLoader:240 - Cannot read IP mode file for STMicroelectronics.X-CUBE-AZRTOS-WB.1.1.0
2024-03-16 11:55:57,157 [WARN] PackLoader:240 - Cannot read IP mode file for STMicroelectronics.FP-ATR-ASTRA1.2.0.0
2024-03-16 11:55:57,162 [WARN] PackLoader:240 - Cannot read IP mode file for STMicroelectronics.X-CUBE-TOF1.3.4.0
2024-03-16 11:55:57,174 [WARN] PackLoader:240 - Cannot read IP mode file for STMicroelectronics.X-CUBE-TOF1.3.4.1
2024-03-16 11:55:57,195 [WARN] PackLoader:240 - Cannot read IP mode file for STMicroelectronics.X-CUBE-AZRTOS-H7.3.2.0
2024-03-16 11:55:57,198 [INFO] ThirdParty:978 - Integrity check success = true
2024-03-16 11:55:57,198 [INFO] IntegrityCheckThread:100 - exiting critical section [integrity check]
2024-03-16 11:55:57,198 [INFO] IntegrityCheckThread:103 - End integrity checks thread
2024-03-16 11:56:49,764 [ERROR] LogOutputStream:75 - [STDERR_REDIRECT] 
2024-03-16 11:56:49,765 [ERROR] LogOutputStream:75 - [STDERR_REDIRECT] 
